  [1m[35m (321.5ms)[0m  [1m[35mCREATE DATABASE "classify_development" ENCODING = 'unicode'[0m
  ↳ bin/rails:9
  [1m[35m (58.8ms)[0m  [1m[35mCREATE DATABASE "classify_test" ENCODING = 'unicode'[0m
  ↳ bin/rails:9
  [1m[35m (5.1ms)[0m  [1m[35mCREATE TABLE "schema_migrations" ("version" character varying NOT NULL PRIMARY KEY)[0m
  ↳ bin/rails:9
  [1m[35m (4.0ms)[0m  [1m[35mCREATE TABLE "ar_internal_metadata" ("key" character varying NOT NULL PRIMARY KEY, "value" character varying, "created_at" timestamp NOT NULL, "updated_at" timestamp NOT NULL)[0m
  ↳ bin/rails:9
  [1m[35m (0.2ms)[0m  [1m[34mSELECT pg_try_advisory_lock(2951105855615300040)[0m
  ↳ bin/rails:9
  [1m[35m (0.4ms)[0m  [1m[34mSELECT "schema_migrations"."version" FROM "schema_migrations" ORDER BY "schema_migrations"."version" ASC[0m
  ↳ bin/rails:9
Migrating to CreateUsers (20210622183737)
  [1m[35m (0.1ms)[0m  [1m[35mBEGIN[0m
  ↳ bin/rails:9
  [1m[35m (4.2ms)[0m  [1m[35mCREATE TABLE "users" ("id" bigserial primary key, "email" character varying NOT NULL, "password_digest" character varying NOT NULL, "session_token" character varying NOT NULL, "created_at" timestamp NOT NULL, "updated_at" timestamp NOT NULL)[0m
  ↳ db/migrate/20210622183737_create_users.rb:3
  [1m[35m (22.1ms)[0m  [1m[35mCREATE  INDEX  "index_users_on_email" ON "users"  ("email")[0m
  ↳ db/migrate/20210622183737_create_users.rb:10
  [1m[35m (0.8ms)[0m  [1m[35mCREATE  INDEX  "index_users_on_session_token" ON "users"  ("session_token")[0m
  ↳ db/migrate/20210622183737_create_users.rb:11
  [1m[36mActiveRecord::SchemaMigration Create (0.4ms)[0m  [1m[32mINSERT INTO "schema_migrations" ("version") VALUES ($1) RETURNING "version"[0m  [["version", "20210622183737"]]
  ↳ bin/rails:9
  [1m[35m (0.3ms)[0m  [1m[35mCOMMIT[0m
  ↳ bin/rails:9
  [1m[36mActiveRecord::InternalMetadata Load (0.3ms)[0m  [1m[34mSELECT  "ar_internal_metadata".* FROM "ar_internal_metadata" WHERE "ar_internal_metadata"."key" = $1 LIMIT $2[0m  [["key", "environment"], ["LIMIT", 1]]
  ↳ bin/rails:9
  [1m[35m (0.1ms)[0m  [1m[35mBEGIN[0m
  ↳ bin/rails:9
  [1m[36mActiveRecord::InternalMetadata Create (0.3ms)[0m  [1m[32mINSERT INTO "ar_internal_metadata" ("key", "value", "created_at", "updated_at") VALUES ($1, $2, $3, $4) RETURNING "key"[0m  [["key", "environment"], ["value", "development"], ["created_at", "2021-06-22 18:43:31.413447"], ["updated_at", "2021-06-22 18:43:31.413447"]]
  ↳ bin/rails:9
  [1m[35m (0.2ms)[0m  [1m[35mCOMMIT[0m
  ↳ bin/rails:9
  [1m[35m (0.1ms)[0m  [1m[34mSELECT pg_advisory_unlock(2951105855615300040)[0m
  ↳ bin/rails:9
  [1m[35m (0.2ms)[0m  [1m[34mSELECT "schema_migrations"."version" FROM "schema_migrations" ORDER BY "schema_migrations"."version" ASC[0m
  ↳ bin/rails:9
  [1m[35m (0.6ms)[0m  [1m[34mSELECT "schema_migrations"."version" FROM "schema_migrations" ORDER BY "schema_migrations"."version" ASC[0m
  ↳ /Users/lbrilli11/.rbenv/versions/2.5.1/bin/annotate:23
Started GET "/users" for ::1 at 2021-06-22 14:50:51 -0600
  [1m[35m (0.7ms)[0m  [1m[34mSELECT "schema_migrations"."version" FROM "schema_migrations" ORDER BY "schema_migrations"."version" ASC[0m
  ↳ /Users/lbrilli11/.rbenv/versions/2.5.1/lib/ruby/gems/2.5.0/gems/activerecord-5.2.6/lib/active_record/log_subscriber.rb:98
  
ActionController::RoutingError (No route matches [GET] "/users"):
  
actionpack (5.2.6) lib/action_dispatch/middleware/debug_exceptions.rb:65:in `call'
web-console (3.7.0) lib/web_console/middleware.rb:135:in `call_app'
web-console (3.7.0) lib/web_console/middleware.rb:30:in `block in call'
web-console (3.7.0) lib/web_console/middleware.rb:20:in `catch'
web-console (3.7.0) lib/web_console/middleware.rb:20:in `call'
actionpack (5.2.6) lib/action_dispatch/middleware/show_exceptions.rb:33:in `call'
railties (5.2.6) lib/rails/rack/logger.rb:38:in `call_app'
railties (5.2.6) lib/rails/rack/logger.rb:26:in `block in call'
activesupport (5.2.6) lib/active_support/tagged_logging.rb:71:in `block in tagged'
activesupport (5.2.6) lib/active_support/tagged_logging.rb:28:in `tagged'
activesupport (5.2.6) lib/active_support/tagged_logging.rb:71:in `tagged'
railties (5.2.6) lib/rails/rack/logger.rb:26:in `call'
sprockets-rails (3.2.2) lib/sprockets/rails/quiet_assets.rb:13:in `call'
actionpack (5.2.6) lib/action_dispatch/middleware/remote_ip.rb:81:in `call'
actionpack (5.2.6) lib/action_dispatch/middleware/request_id.rb:27:in `call'
rack (2.2.3) lib/rack/method_override.rb:24:in `call'
rack (2.2.3) lib/rack/runtime.rb:22:in `call'
activesupport (5.2.6) lib/active_support/cache/strategy/local_cache_middleware.rb:29:in `call'
actionpack (5.2.6) lib/action_dispatch/middleware/executor.rb:14:in `call'
actionpack (5.2.6) lib/action_dispatch/middleware/static.rb:127:in `call'
rack (2.2.3) lib/rack/sendfile.rb:110:in `call'
railties (5.2.6) lib/rails/engine.rb:524:in `call'
puma (3.12.6) lib/puma/configuration.rb:227:in `call'
puma (3.12.6) lib/puma/server.rb:706:in `handle_request'
puma (3.12.6) lib/puma/server.rb:476:in `process_client'
puma (3.12.6) lib/puma/server.rb:334:in `block in run'
puma (3.12.6) lib/puma/thread_pool.rb:135:in `block in spawn_thread'
Started GET "/users/new" for ::1 at 2021-06-22 15:28:47 -0600
Processing by UsersController#new as HTML
Completed 500 Internal Server Error in 4ms (ActiveRecord: 0.0ms)



ActionView::MissingTemplate - Missing template users/new, application/new with {:locale=>[:en], :formats=>[:html], :variants=>[], :handlers=>[:raw, :erb, :html, :builder, :ruby, :coffee, :jbuilder]}. Searched in:
  * "/Users/lbrilli11/Desktop/AAClasswork/W7D2/classify/app/views":
  app/controllers/users_controller.rb:4:in `new'

Started POST "/__better_errors/f8ff41f3440d5971/variables" for ::1 at 2021-06-22 15:28:47 -0600
Started GET "/users/new" for ::1 at 2021-06-22 15:34:18 -0600
Processing by UsersController#new as HTML
  Rendering users/new.html.erb within layouts/application
  Rendered users/new.html.erb within layouts/application (0.2ms)
Completed 200 OK in 480ms (Views: 479.8ms | ActiveRecord: 0.0ms)


Started GET "/users/new" for ::1 at 2021-06-22 15:34:29 -0600
Processing by UsersController#new as HTML
  Rendering users/new.html.erb within layouts/application
  Rendered users/new.html.erb within layouts/application (198.7ms)
Completed 500 Internal Server Error in 205ms (ActiveRecord: 0.0ms)



NameError - undefined local variable or method `user' for #<#<Class:0x00007fccc24fe0c0>:0x00007fcc758b0878>:
  app/views/users/new.html.erb:5:in `_app_views_users_new_html_erb___3880053498412012752_70258061040280'
  app/controllers/users_controller.rb:4:in `new'

Started POST "/__better_errors/e79f4452dec325b4/variables" for ::1 at 2021-06-22 15:34:29 -0600
Started GET "/users/new" for ::1 at 2021-06-22 15:34:46 -0600
Processing by UsersController#new as HTML
  Rendering users/new.html.erb within layouts/application
  Rendered users/new.html.erb within layouts/application (0.2ms)
Completed 200 OK in 28ms (Views: 27.8ms | ActiveRecord: 0.0ms)


Started GET "/users/new" for ::1 at 2021-06-22 15:35:28 -0600
Processing by UsersController#new as HTML
  Rendering users/new.html.erb within layouts/application
  Rendered users/new.html.erb within layouts/application (0.2ms)
Completed 200 OK in 16ms (Views: 15.8ms | ActiveRecord: 0.0ms)


Started GET "/users/new" for ::1 at 2021-06-22 15:38:17 -0600
Processing by UsersController#new as HTML
  Rendering users/new.html.erb within layouts/application
  Rendered users/new.html.erb within layouts/application (0.2ms)
Completed 200 OK in 16ms (Views: 15.5ms | ActiveRecord: 0.0ms)


Started GET "/users/user_url(user[:id]?email=AATester&password=[FILTERED]" for ::1 at 2021-06-22 15:38:27 -0600
Processing by UsersController#show as HTML
  Parameters: {"email"=>"AATester", "password"=>"[FILTERED]", "id"=>"user_url(user[:id]"}
  Rendering users/show.html.erb within layouts/application
  Rendered users/show.html.erb within layouts/application (0.2ms)
Completed 200 OK in 16ms (Views: 16.0ms | ActiveRecord: 0.0ms)


Started GET "/users/user_url(user[:id]?email=AATester&password=[FILTERED]" for ::1 at 2021-06-22 15:39:40 -0600
Processing by UsersController#show as HTML
  Parameters: {"email"=>"AATester", "password"=>"[FILTERED]", "id"=>"user_url(user[:id]"}
  Rendering users/show.html.erb within layouts/application
  Rendered users/show.html.erb within layouts/application (0.2ms)
Completed 200 OK in 16ms (Views: 15.9ms | ActiveRecord: 0.0ms)


Started GET "/users/user_url(user[:id]?email=AATester&password=[FILTERED]" for ::1 at 2021-06-22 15:44:25 -0600
Processing by UsersController#show as HTML
  Parameters: {"email"=>"AATester", "password"=>"[FILTERED]", "id"=>"user_url(user[:id]"}
  Rendering users/show.html.erb within layouts/application
  Rendered users/show.html.erb within layouts/application (0.3ms)
Completed 200 OK in 20ms (Views: 19.9ms | ActiveRecord: 0.0ms)


Started GET "/users/user_url(user[:id]?email=AATester&password=[FILTERED]" for ::1 at 2021-06-22 15:48:43 -0600
Processing by UsersController#show as HTML
  Parameters: {"email"=>"AATester", "password"=>"[FILTERED]", "id"=>"user_url(user[:id]"}
  Rendering users/show.html.erb within layouts/application
  Rendered users/show.html.erb within layouts/application (296.9ms)
Completed 500 Internal Server Error in 303ms (ActiveRecord: 0.0ms)



NameError - undefined local variable or method `user' for #<#<Class:0x00007fcc759a0df0>:0x00007fccb22db820>:
  app/views/users/show.html.erb:1:in `_app_views_users_show_html_erb__2672489248515917594_70258569695900'
  app/controllers/users_controller.rb:19:in `show'

Started POST "/__better_errors/313578734eda8bb7/variables" for ::1 at 2021-06-22 15:48:44 -0600
Started GET "/users/user_url(user[:id]?email=AATester&password=[FILTERED]" for ::1 at 2021-06-22 15:48:47 -0600
Processing by UsersController#show as HTML
  Parameters: {"email"=>"AATester", "password"=>"[FILTERED]", "id"=>"user_url(user[:id]"}
  Rendering users/show.html.erb within layouts/application
  Rendered users/show.html.erb within layouts/application (289.2ms)
Completed 500 Internal Server Error in 296ms (ActiveRecord: 0.0ms)



NameError - undefined local variable or method `user' for #<#<Class:0x00007fcc759a0df0>:0x00007fccb216bc38>:
  app/views/users/show.html.erb:1:in `_app_views_users_show_html_erb__2672489248515917594_70258568954460'
  app/controllers/users_controller.rb:19:in `show'

Started POST "/__better_errors/df7f29caf3cc8112/variables" for ::1 at 2021-06-22 15:48:48 -0600
Started GET "/users/new" for ::1 at 2021-06-22 15:49:46 -0600
Processing by UsersController#new as HTML
  Rendering users/new.html.erb within layouts/application
  Rendered users/new.html.erb within layouts/application (0.2ms)
Completed 200 OK in 23ms (Views: 22.6ms | ActiveRecord: 0.0ms)


Started GET "/users/user_url(user[:id]?email=AATester&password=[FILTERED]" for ::1 at 2021-06-22 15:50:09 -0600
Processing by UsersController#show as HTML
  Parameters: {"email"=>"AATester", "password"=>"[FILTERED]", "id"=>"user_url(user[:id]"}
  Rendering users/show.html.erb within layouts/application
  Rendered users/show.html.erb within layouts/application (3.2ms)
Completed 500 Internal Server Error in 15ms (ActiveRecord: 0.0ms)



NoMethodError - undefined method `[]' for nil:NilClass:
  app/views/users/show.html.erb:1:in `_app_views_users_show_html_erb__2672489248515917594_70258437284760'
  app/controllers/users_controller.rb:19:in `show'

Started POST "/__better_errors/f6a9a7b6c7d1088b/variables" for ::1 at 2021-06-22 15:50:10 -0600
Started POST "/__better_errors/f6a9a7b6c7d1088b/eval" for ::1 at 2021-06-22 15:50:41 -0600
Started GET "/users/" for ::1 at 2021-06-22 15:54:50 -0600
  
ActionController::RoutingError (No route matches [GET] "/users"):
  
actionpack (5.2.6) lib/action_dispatch/middleware/debug_exceptions.rb:65:in `call'
web-console (3.7.0) lib/web_console/middleware.rb:135:in `call_app'
web-console (3.7.0) lib/web_console/middleware.rb:30:in `block in call'
web-console (3.7.0) lib/web_console/middleware.rb:20:in `catch'
web-console (3.7.0) lib/web_console/middleware.rb:20:in `call'
actionpack (5.2.6) lib/action_dispatch/middleware/show_exceptions.rb:33:in `call'
railties (5.2.6) lib/rails/rack/logger.rb:38:in `call_app'
railties (5.2.6) lib/rails/rack/logger.rb:26:in `block in call'
activesupport (5.2.6) lib/active_support/tagged_logging.rb:71:in `block in tagged'
activesupport (5.2.6) lib/active_support/tagged_logging.rb:28:in `tagged'
activesupport (5.2.6) lib/active_support/tagged_logging.rb:71:in `tagged'
railties (5.2.6) lib/rails/rack/logger.rb:26:in `call'
sprockets-rails (3.2.2) lib/sprockets/rails/quiet_assets.rb:13:in `call'
actionpack (5.2.6) lib/action_dispatch/middleware/remote_ip.rb:81:in `call'
actionpack (5.2.6) lib/action_dispatch/middleware/request_id.rb:27:in `call'
rack (2.2.3) lib/rack/method_override.rb:24:in `call'
rack (2.2.3) lib/rack/runtime.rb:22:in `call'
activesupport (5.2.6) lib/active_support/cache/strategy/local_cache_middleware.rb:29:in `call'
actionpack (5.2.6) lib/action_dispatch/middleware/executor.rb:14:in `call'
actionpack (5.2.6) lib/action_dispatch/middleware/static.rb:127:in `call'
rack (2.2.3) lib/rack/sendfile.rb:110:in `call'
railties (5.2.6) lib/rails/engine.rb:524:in `call'
puma (3.12.6) lib/puma/configuration.rb:227:in `call'
puma (3.12.6) lib/puma/server.rb:706:in `handle_request'
puma (3.12.6) lib/puma/server.rb:476:in `process_client'
puma (3.12.6) lib/puma/server.rb:334:in `block in run'
puma (3.12.6) lib/puma/thread_pool.rb:135:in `block in spawn_thread'
Started GET "/users/new" for ::1 at 2021-06-22 15:54:55 -0600
Processing by UsersController#new as HTML
  Rendering users/new.html.erb within layouts/application
  Rendered users/new.html.erb within layouts/application (0.2ms)
Completed 200 OK in 16ms (Views: 16.0ms | ActiveRecord: 0.0ms)


Started POST "/users/users_url" for ::1 at 2021-06-22 15:55:00 -0600
  
ActionController::RoutingError (No route matches [POST] "/users/users_url"):
  
actionpack (5.2.6) lib/action_dispatch/middleware/debug_exceptions.rb:65:in `call'
web-console (3.7.0) lib/web_console/middleware.rb:135:in `call_app'
web-console (3.7.0) lib/web_console/middleware.rb:30:in `block in call'
web-console (3.7.0) lib/web_console/middleware.rb:20:in `catch'
web-console (3.7.0) lib/web_console/middleware.rb:20:in `call'
actionpack (5.2.6) lib/action_dispatch/middleware/show_exceptions.rb:33:in `call'
railties (5.2.6) lib/rails/rack/logger.rb:38:in `call_app'
railties (5.2.6) lib/rails/rack/logger.rb:26:in `block in call'
activesupport (5.2.6) lib/active_support/tagged_logging.rb:71:in `block in tagged'
activesupport (5.2.6) lib/active_support/tagged_logging.rb:28:in `tagged'
activesupport (5.2.6) lib/active_support/tagged_logging.rb:71:in `tagged'
railties (5.2.6) lib/rails/rack/logger.rb:26:in `call'
sprockets-rails (3.2.2) lib/sprockets/rails/quiet_assets.rb:13:in `call'
actionpack (5.2.6) lib/action_dispatch/middleware/remote_ip.rb:81:in `call'
actionpack (5.2.6) lib/action_dispatch/middleware/request_id.rb:27:in `call'
rack (2.2.3) lib/rack/method_override.rb:24:in `call'
rack (2.2.3) lib/rack/runtime.rb:22:in `call'
activesupport (5.2.6) lib/active_support/cache/strategy/local_cache_middleware.rb:29:in `call'
actionpack (5.2.6) lib/action_dispatch/middleware/executor.rb:14:in `call'
actionpack (5.2.6) lib/action_dispatch/middleware/static.rb:127:in `call'
rack (2.2.3) lib/rack/sendfile.rb:110:in `call'
railties (5.2.6) lib/rails/engine.rb:524:in `call'
puma (3.12.6) lib/puma/configuration.rb:227:in `call'
puma (3.12.6) lib/puma/server.rb:706:in `handle_request'
puma (3.12.6) lib/puma/server.rb:476:in `process_client'
puma (3.12.6) lib/puma/server.rb:334:in `block in run'
puma (3.12.6) lib/puma/thread_pool.rb:135:in `block in spawn_thread'
Started GET "/users/new" for ::1 at 2021-06-22 15:55:52 -0600
Processing by UsersController#new as HTML
  Rendering users/new.html.erb within layouts/application
  Rendered users/new.html.erb within layouts/application (0.5ms)
Completed 200 OK in 19ms (Views: 18.3ms | ActiveRecord: 0.0ms)


Started POST "/users/new" for ::1 at 2021-06-22 15:55:59 -0600
  
ActionController::RoutingError (No route matches [POST] "/users/new"):
  
actionpack (5.2.6) lib/action_dispatch/middleware/debug_exceptions.rb:65:in `call'
web-console (3.7.0) lib/web_console/middleware.rb:135:in `call_app'
web-console (3.7.0) lib/web_console/middleware.rb:30:in `block in call'
web-console (3.7.0) lib/web_console/middleware.rb:20:in `catch'
web-console (3.7.0) lib/web_console/middleware.rb:20:in `call'
actionpack (5.2.6) lib/action_dispatch/middleware/show_exceptions.rb:33:in `call'
railties (5.2.6) lib/rails/rack/logger.rb:38:in `call_app'
railties (5.2.6) lib/rails/rack/logger.rb:26:in `block in call'
activesupport (5.2.6) lib/active_support/tagged_logging.rb:71:in `block in tagged'
activesupport (5.2.6) lib/active_support/tagged_logging.rb:28:in `tagged'
activesupport (5.2.6) lib/active_support/tagged_logging.rb:71:in `tagged'
railties (5.2.6) lib/rails/rack/logger.rb:26:in `call'
sprockets-rails (3.2.2) lib/sprockets/rails/quiet_assets.rb:13:in `call'
actionpack (5.2.6) lib/action_dispatch/middleware/remote_ip.rb:81:in `call'
actionpack (5.2.6) lib/action_dispatch/middleware/request_id.rb:27:in `call'
rack (2.2.3) lib/rack/method_override.rb:24:in `call'
rack (2.2.3) lib/rack/runtime.rb:22:in `call'
activesupport (5.2.6) lib/active_support/cache/strategy/local_cache_middleware.rb:29:in `call'
actionpack (5.2.6) lib/action_dispatch/middleware/executor.rb:14:in `call'
actionpack (5.2.6) lib/action_dispatch/middleware/static.rb:127:in `call'
rack (2.2.3) lib/rack/sendfile.rb:110:in `call'
railties (5.2.6) lib/rails/engine.rb:524:in `call'
puma (3.12.6) lib/puma/configuration.rb:227:in `call'
puma (3.12.6) lib/puma/server.rb:706:in `handle_request'
puma (3.12.6) lib/puma/server.rb:476:in `process_client'
puma (3.12.6) lib/puma/server.rb:334:in `block in run'
puma (3.12.6) lib/puma/thread_pool.rb:135:in `block in spawn_thread'
Started GET "/users/new" for ::1 at 2021-06-22 15:58:34 -0600
  [1m[35m (0.8ms)[0m  [1m[34mSELECT "schema_migrations"."version" FROM "schema_migrations" ORDER BY "schema_migrations"."version" ASC[0m
  ↳ /Users/lbrilli11/.rbenv/versions/2.5.1/lib/ruby/gems/2.5.0/gems/activerecord-5.2.6/lib/active_record/log_subscriber.rb:98
Processing by UsersController#new as HTML
  Rendering users/new.html.erb within layouts/application
  Rendered users/new.html.erb within layouts/application (0.8ms)
Completed 200 OK in 155ms (Views: 151.5ms | ActiveRecord: 0.0ms)


Started POST "/users/new" for ::1 at 2021-06-22 15:58:40 -0600
  
ActionController::RoutingError (No route matches [POST] "/users/new"):
  
actionpack (5.2.6) lib/action_dispatch/middleware/debug_exceptions.rb:65:in `call'
web-console (3.7.0) lib/web_console/middleware.rb:135:in `call_app'
web-console (3.7.0) lib/web_console/middleware.rb:30:in `block in call'
web-console (3.7.0) lib/web_console/middleware.rb:20:in `catch'
web-console (3.7.0) lib/web_console/middleware.rb:20:in `call'
actionpack (5.2.6) lib/action_dispatch/middleware/show_exceptions.rb:33:in `call'
railties (5.2.6) lib/rails/rack/logger.rb:38:in `call_app'
railties (5.2.6) lib/rails/rack/logger.rb:26:in `block in call'
activesupport (5.2.6) lib/active_support/tagged_logging.rb:71:in `block in tagged'
activesupport (5.2.6) lib/active_support/tagged_logging.rb:28:in `tagged'
activesupport (5.2.6) lib/active_support/tagged_logging.rb:71:in `tagged'
railties (5.2.6) lib/rails/rack/logger.rb:26:in `call'
sprockets-rails (3.2.2) lib/sprockets/rails/quiet_assets.rb:13:in `call'
actionpack (5.2.6) lib/action_dispatch/middleware/remote_ip.rb:81:in `call'
actionpack (5.2.6) lib/action_dispatch/middleware/request_id.rb:27:in `call'
rack (2.2.3) lib/rack/method_override.rb:24:in `call'
rack (2.2.3) lib/rack/runtime.rb:22:in `call'
activesupport (5.2.6) lib/active_support/cache/strategy/local_cache_middleware.rb:29:in `call'
actionpack (5.2.6) lib/action_dispatch/middleware/executor.rb:14:in `call'
actionpack (5.2.6) lib/action_dispatch/middleware/static.rb:127:in `call'
rack (2.2.3) lib/rack/sendfile.rb:110:in `call'
railties (5.2.6) lib/rails/engine.rb:524:in `call'
puma (3.12.6) lib/puma/configuration.rb:227:in `call'
puma (3.12.6) lib/puma/server.rb:706:in `handle_request'
puma (3.12.6) lib/puma/server.rb:476:in `process_client'
puma (3.12.6) lib/puma/server.rb:334:in `block in run'
puma (3.12.6) lib/puma/thread_pool.rb:135:in `block in spawn_thread'
Started GET "/users/new" for ::1 at 2021-06-22 16:01:52 -0600
Processing by UsersController#new as HTML
  Rendering users/new.html.erb within layouts/application
  Rendered users/new.html.erb within layouts/application (0.4ms)
Completed 200 OK in 26ms (Views: 25.6ms | ActiveRecord: 0.0ms)


Started POST "/users" for ::1 at 2021-06-22 16:02:10 -0600
Processing by UsersController#create as HTML
  Parameters: {"email"=>"AATester", "password"=>"[FILTERED]"}
Can't verify CSRF token authenticity.
Completed 422 Unprocessable Entity in 0ms (ActiveRecord: 0.0ms)



ActionController::InvalidAuthenticityToken - ActionController::InvalidAuthenticityToken:

Started POST "/__better_errors/37699bcc4ada4168/variables" for ::1 at 2021-06-22 16:02:10 -0600
Started GET "/users/new" for ::1 at 2021-06-22 16:06:53 -0600
Processing by UsersController#new as HTML
  Rendering users/new.html.erb within layouts/application
  Rendered users/new.html.erb within layouts/application (0.5ms)
Completed 200 OK in 23ms (Views: 22.3ms | ActiveRecord: 0.0ms)


Started POST "/users" for ::1 at 2021-06-22 16:07:17 -0600
Processing by UsersController#create as HTML
  Parameters: {"authenticity_token"=>"1RUP+EL/r0YHZFgX9tXQVOvmKMiiOwHYAsuoMU5x6/Gfk1FLGDzYkSVhxtE2KW2aQ6qP+pzRQuLSi8xCk20TWw==", "email"=>"AATester", "password"=>"[FILTERED]"}
Completed 400 Bad Request in 9ms (ActiveRecord: 0.0ms)



ActionController::ParameterMissing - param is missing or the value is empty: user:
  app/controllers/users_controller.rb:23:in `user_params'
  app/controllers/users_controller.rb:8:in `create'

Started POST "/__better_errors/4a69efcade3c4b7a/variables" for ::1 at 2021-06-22 16:07:17 -0600
Started POST "/__better_errors/4a69efcade3c4b7a/eval" for ::1 at 2021-06-22 16:07:44 -0600
Started GET "/users/new" for ::1 at 2021-06-22 16:09:09 -0600
Processing by UsersController#new as HTML
  Rendering users/new.html.erb within layouts/application
  Rendered users/new.html.erb within layouts/application (1.6ms)
Completed 200 OK in 19ms (Views: 18.6ms | ActiveRecord: 0.0ms)


Started POST "/users" for ::1 at 2021-06-22 16:09:21 -0600
Processing by UsersController#create as HTML
  Parameters: {"authenticity_token"=>"WdSBybtu1edO3kWPilMd1dp3CibJWtIyjnC1bRaOZuQTUt964a2iMGzb20lKr6AbcjutFPewkQheMNEey5KeTg==", "user"=>{"email"=>"AATester", "password"=>"[FILTERED]"}}
  [1m[35m (0.2ms)[0m  [1m[35mBEGIN[0m
  ↳ app/controllers/users_controller.rb:9
  [1m[36mUser Exists (0.8ms)[0m  [1m[34mSELECT  1 AS one FROM "users" WHERE "users"."email" = $1 LIMIT $2[0m  [["email", "AATester"], ["LIMIT", 1]]
  ↳ app/controllers/users_controller.rb:9
  [1m[36mUser Exists (0.6ms)[0m  [1m[34mSELECT  1 AS one FROM "users" WHERE "users"."session_token" = $1 LIMIT $2[0m  [["session_token", "hjgEtFOCy213waCVNn6heg"], ["LIMIT", 1]]
  ↳ app/controllers/users_controller.rb:9
  [1m[36mUser Create (0.7ms)[0m  [1m[32mINSERT INTO "users" ("email", "password_digest", "session_token", "created_at", "updated_at") VALUES ($1, $2, $3, $4, $5) RETURNING "id"[0m  [["email", "AATester"], ["password_digest", "$2a$12$FivARD42UWScHv0OGTd5juZjSICgG1Ti.HOfIm.7KZKsZICxr7/VC"], ["session_token", "hjgEtFOCy213waCVNn6heg"], ["created_at", "2021-06-22 22:09:21.415273"], ["updated_at", "2021-06-22 22:09:21.415273"]]
  ↳ app/controllers/users_controller.rb:9
  [1m[35m (1.2ms)[0m  [1m[35mCOMMIT[0m
  ↳ app/controllers/users_controller.rb:9
  Rendering users/show.html.erb within layouts/application
  Rendered users/show.html.erb within layouts/application (0.3ms)
Completed 200 OK in 247ms (Views: 16.2ms | ActiveRecord: 12.8ms)


Started GET "/users" for ::1 at 2021-06-22 16:09:47 -0600
  
ActionController::RoutingError (No route matches [GET] "/users"):
  
actionpack (5.2.6) lib/action_dispatch/middleware/debug_exceptions.rb:65:in `call'
web-console (3.7.0) lib/web_console/middleware.rb:135:in `call_app'
web-console (3.7.0) lib/web_console/middleware.rb:30:in `block in call'
web-console (3.7.0) lib/web_console/middleware.rb:20:in `catch'
web-console (3.7.0) lib/web_console/middleware.rb:20:in `call'
actionpack (5.2.6) lib/action_dispatch/middleware/show_exceptions.rb:33:in `call'
railties (5.2.6) lib/rails/rack/logger.rb:38:in `call_app'
railties (5.2.6) lib/rails/rack/logger.rb:26:in `block in call'
activesupport (5.2.6) lib/active_support/tagged_logging.rb:71:in `block in tagged'
activesupport (5.2.6) lib/active_support/tagged_logging.rb:28:in `tagged'
activesupport (5.2.6) lib/active_support/tagged_logging.rb:71:in `tagged'
railties (5.2.6) lib/rails/rack/logger.rb:26:in `call'
sprockets-rails (3.2.2) lib/sprockets/rails/quiet_assets.rb:13:in `call'
actionpack (5.2.6) lib/action_dispatch/middleware/remote_ip.rb:81:in `call'
actionpack (5.2.6) lib/action_dispatch/middleware/request_id.rb:27:in `call'
rack (2.2.3) lib/rack/method_override.rb:24:in `call'
rack (2.2.3) lib/rack/runtime.rb:22:in `call'
activesupport (5.2.6) lib/active_support/cache/strategy/local_cache_middleware.rb:29:in `call'
actionpack (5.2.6) lib/action_dispatch/middleware/executor.rb:14:in `call'
actionpack (5.2.6) lib/action_dispatch/middleware/static.rb:127:in `call'
rack (2.2.3) lib/rack/sendfile.rb:110:in `call'
railties (5.2.6) lib/rails/engine.rb:524:in `call'
puma (3.12.6) lib/puma/configuration.rb:227:in `call'
puma (3.12.6) lib/puma/server.rb:706:in `handle_request'
puma (3.12.6) lib/puma/server.rb:476:in `process_client'
puma (3.12.6) lib/puma/server.rb:334:in `block in run'
puma (3.12.6) lib/puma/thread_pool.rb:135:in `block in spawn_thread'
Started GET "/users/new" for ::1 at 2021-06-22 16:09:52 -0600
Processing by UsersController#new as HTML
  Rendering users/new.html.erb within layouts/application
  Rendered users/new.html.erb within layouts/application (0.4ms)
Completed 200 OK in 27ms (Views: 26.3ms | ActiveRecord: 0.0ms)


Started POST "/users" for ::1 at 2021-06-22 16:10:00 -0600
Processing by UsersController#create as HTML
  Parameters: {"authenticity_token"=>"wOHgOgZQIHYUfsTYhFjJTvlpo37XfZ5TMXJVqUiBQ3GKZ76JXJNXoTZ7Wh5EpHSAUSUETOmX3WnhMjHalZ272w==", "user"=>{"email"=>"AATester", "password"=>"[FILTERED]"}}
  [1m[35m (0.2ms)[0m  [1m[35mBEGIN[0m
  ↳ app/controllers/users_controller.rb:9
  [1m[36mUser Exists (0.3ms)[0m  [1m[34mSELECT  1 AS one FROM "users" WHERE "users"."email" = $1 LIMIT $2[0m  [["email", "AATester"], ["LIMIT", 1]]
  ↳ app/controllers/users_controller.rb:9
  [1m[36mUser Exists (0.5ms)[0m  [1m[34mSELECT  1 AS one FROM "users" WHERE "users"."session_token" = $1 LIMIT $2[0m  [["session_token", "1r4HEWFRahTV7WxB5xAZtw"], ["LIMIT", 1]]
  ↳ app/controllers/users_controller.rb:9
  [1m[35m (0.1ms)[0m  [1m[31mROLLBACK[0m
  ↳ app/controllers/users_controller.rb:9
Completed 422 Unprocessable Entity in 209ms (ActiveRecord: 1.1ms)



ActiveRecord::RecordInvalid - Validation failed: Email has already been taken:
  app/controllers/users_controller.rb:9:in `create'

Started POST "/__better_errors/d56bb42feab86f83/variables" for ::1 at 2021-06-22 16:10:00 -0600
Started POST "/users" for ::1 at 2021-06-22 16:10:13 -0600
Processing by UsersController#create as HTML
  Parameters: {"authenticity_token"=>"wOHgOgZQIHYUfsTYhFjJTvlpo37XfZ5TMXJVqUiBQ3GKZ76JXJNXoTZ7Wh5EpHSAUSUETOmX3WnhMjHalZ272w==", "user"=>{"email"=>"AATester1", "password"=>"[FILTERED]"}}
  [1m[35m (0.3ms)[0m  [1m[35mBEGIN[0m
  ↳ app/controllers/users_controller.rb:9
  [1m[36mUser Exists (0.4ms)[0m  [1m[34mSELECT  1 AS one FROM "users" WHERE "users"."email" = $1 LIMIT $2[0m  [["email", "AATester1"], ["LIMIT", 1]]
  ↳ app/controllers/users_controller.rb:9
  [1m[36mUser Exists (0.2ms)[0m  [1m[34mSELECT  1 AS one FROM "users" WHERE "users"."session_token" = $1 LIMIT $2[0m  [["session_token", "07APlAdnZGF-JIUHFS-X2Q"], ["LIMIT", 1]]
  ↳ app/controllers/users_controller.rb:9
  [1m[36mUser Create (0.5ms)[0m  [1m[32mINSERT INTO "users" ("email", "password_digest", "session_token", "created_at", "updated_at") VALUES ($1, $2, $3, $4, $5) RETURNING "id"[0m  [["email", "AATester1"], ["password_digest", "$2a$12$YQEhY3UiMGI7e5ZcZdR0quLY9KniUULa5VK8REk7EENWQMjfbYtyK"], ["session_token", "07APlAdnZGF-JIUHFS-X2Q"], ["created_at", "2021-06-22 22:10:13.537654"], ["updated_at", "2021-06-22 22:10:13.537654"]]
  ↳ app/controllers/users_controller.rb:9
  [1m[35m (0.5ms)[0m  [1m[35mCOMMIT[0m
  ↳ app/controllers/users_controller.rb:9
  Rendering users/show.html.erb within layouts/application
  Rendered users/show.html.erb within layouts/application (0.3ms)
Completed 200 OK in 227ms (Views: 22.3ms | ActiveRecord: 1.8ms)


Started GET "/users" for ::1 at 2021-06-22 16:43:35 -0600
  
ActionController::RoutingError (No route matches [GET] "/users"):
  
actionpack (5.2.6) lib/action_dispatch/middleware/debug_exceptions.rb:65:in `call'
web-console (3.7.0) lib/web_console/middleware.rb:135:in `call_app'
web-console (3.7.0) lib/web_console/middleware.rb:30:in `block in call'
web-console (3.7.0) lib/web_console/middleware.rb:20:in `catch'
web-console (3.7.0) lib/web_console/middleware.rb:20:in `call'
actionpack (5.2.6) lib/action_dispatch/middleware/show_exceptions.rb:33:in `call'
railties (5.2.6) lib/rails/rack/logger.rb:38:in `call_app'
railties (5.2.6) lib/rails/rack/logger.rb:26:in `block in call'
activesupport (5.2.6) lib/active_support/tagged_logging.rb:71:in `block in tagged'
activesupport (5.2.6) lib/active_support/tagged_logging.rb:28:in `tagged'
activesupport (5.2.6) lib/active_support/tagged_logging.rb:71:in `tagged'
railties (5.2.6) lib/rails/rack/logger.rb:26:in `call'
sprockets-rails (3.2.2) lib/sprockets/rails/quiet_assets.rb:13:in `call'
actionpack (5.2.6) lib/action_dispatch/middleware/remote_ip.rb:81:in `call'
actionpack (5.2.6) lib/action_dispatch/middleware/request_id.rb:27:in `call'
rack (2.2.3) lib/rack/method_override.rb:24:in `call'
rack (2.2.3) lib/rack/runtime.rb:22:in `call'
activesupport (5.2.6) lib/active_support/cache/strategy/local_cache_middleware.rb:29:in `call'
actionpack (5.2.6) lib/action_dispatch/middleware/executor.rb:14:in `call'
actionpack (5.2.6) lib/action_dispatch/middleware/static.rb:127:in `call'
rack (2.2.3) lib/rack/sendfile.rb:110:in `call'
railties (5.2.6) lib/rails/engine.rb:524:in `call'
puma (3.12.6) lib/puma/configuration.rb:227:in `call'
puma (3.12.6) lib/puma/server.rb:706:in `handle_request'
puma (3.12.6) lib/puma/server.rb:476:in `process_client'
puma (3.12.6) lib/puma/server.rb:334:in `block in run'
puma (3.12.6) lib/puma/thread_pool.rb:135:in `block in spawn_thread'
Started GET "/users/new" for ::1 at 2021-06-22 16:43:41 -0600
Processing by UsersController#new as HTML
  Rendering users/new.html.erb within layouts/application
  Rendered users/new.html.erb within layouts/application (0.4ms)
Completed 200 OK in 18ms (Views: 18.1ms | ActiveRecord: 0.0ms)


Started POST "/users" for ::1 at 2021-06-22 16:43:50 -0600
Processing by UsersController#create as HTML
  Parameters: {"authenticity_token"=>"TohwxQgH4zQ+BTlQZvkYhaUsesjP9MOEAYQSVDuWV4QEDi52UsSU4xwAp5amBaVLDWDd+vEegL7RxHYn5oqvLg==", "user"=>{"email"=>"AATester2", "password"=>"[FILTERED]"}}
  [1m[35m (0.2ms)[0m  [1m[35mBEGIN[0m
  ↳ app/controllers/users_controller.rb:9
  [1m[36mUser Exists (1.1ms)[0m  [1m[34mSELECT  1 AS one FROM "users" WHERE "users"."email" = $1 LIMIT $2[0m  [["email", "AATester2"], ["LIMIT", 1]]
  ↳ app/controllers/users_controller.rb:9
  [1m[36mUser Exists (0.3ms)[0m  [1m[34mSELECT  1 AS one FROM "users" WHERE "users"."session_token" = $1 LIMIT $2[0m  [["session_token", "ce9u2VoHJrk0oUdKpSyLhw"], ["LIMIT", 1]]
  ↳ app/controllers/users_controller.rb:9
  [1m[36mUser Create (0.5ms)[0m  [1m[32mINSERT INTO "users" ("email", "password_digest", "session_token", "created_at", "updated_at") VALUES ($1, $2, $3, $4, $5) RETURNING "id"[0m  [["email", "AATester2"], ["password_digest", "$2a$12$gzj50oriZ7EuYuQwoCjAaOHkRgqKhoGijYPAy/320GtP.17tbCbPm"], ["session_token", "ce9u2VoHJrk0oUdKpSyLhw"], ["created_at", "2021-06-22 22:43:50.261163"], ["updated_at", "2021-06-22 22:43:50.261163"]]
  ↳ app/controllers/users_controller.rb:9
  [1m[35m (0.6ms)[0m  [1m[35mCOMMIT[0m
  ↳ app/controllers/users_controller.rb:9
  [1m[35m (0.2ms)[0m  [1m[35mBEGIN[0m
  ↳ app/models/user.rb:31
  [1m[36mUser Exists (0.4ms)[0m  [1m[34mSELECT  1 AS one FROM "users" WHERE "users"."email" = $1 AND "users"."id" != $2 LIMIT $3[0m  [["email", "AATester2"], ["id", 3], ["LIMIT", 1]]
  ↳ app/models/user.rb:31
  [1m[36mUser Exists (0.3ms)[0m  [1m[34mSELECT  1 AS one FROM "users" WHERE "users"."session_token" = $1 AND "users"."id" != $2 LIMIT $3[0m  [["session_token", "ttxveByahzLG6uS16KSBMw"], ["id", 3], ["LIMIT", 1]]
  ↳ app/models/user.rb:31
  [1m[36mUser Update (0.4ms)[0m  [1m[33mUPDATE "users" SET "session_token" = $1, "updated_at" = $2 WHERE "users"."id" = $3[0m  [["session_token", "ttxveByahzLG6uS16KSBMw"], ["updated_at", "2021-06-22 22:43:50.267249"], ["id", 3]]
  ↳ app/models/user.rb:31
  [1m[35m (0.3ms)[0m  [1m[35mCOMMIT[0m
  ↳ app/models/user.rb:31
  Rendering users/show.html.erb within layouts/application
  Rendered users/show.html.erb within layouts/application (0.4ms)
Completed 200 OK in 244ms (Views: 20.4ms | ActiveRecord: 11.9ms)


Started DELETE "/session" for ::1 at 2021-06-22 16:43:52 -0600
Processing by SessionsController#destroy as HTML
  Parameters: {"authenticity_token"=>"dVlZrYLoV94uEyfMs9YaJQT/1nOHAen0NUbe11jcis4/3wce2CsgCQwWuQpzKqfrrLNxQbnrqs7lBrqkhcByZA=="}
Completed 500 Internal Server Error in 2ms (ActiveRecord: 0.0ms)



NoMethodError - undefined method `reset_session_token!' for nil:NilClass:
  app/controllers/application_controller.rb:14:in `logout!'
  app/controllers/sessions_controller.rb:15:in `destroy'

Started POST "/__better_errors/042ac4f63f5b6aec/variables" for ::1 at 2021-06-22 16:43:52 -0600
Started GET "/users" for ::1 at 2021-06-22 16:44:36 -0600
  
ActionController::RoutingError (No route matches [GET] "/users"):
  
actionpack (5.2.6) lib/action_dispatch/middleware/debug_exceptions.rb:65:in `call'
web-console (3.7.0) lib/web_console/middleware.rb:135:in `call_app'
web-console (3.7.0) lib/web_console/middleware.rb:30:in `block in call'
web-console (3.7.0) lib/web_console/middleware.rb:20:in `catch'
web-console (3.7.0) lib/web_console/middleware.rb:20:in `call'
actionpack (5.2.6) lib/action_dispatch/middleware/show_exceptions.rb:33:in `call'
railties (5.2.6) lib/rails/rack/logger.rb:38:in `call_app'
railties (5.2.6) lib/rails/rack/logger.rb:26:in `block in call'
activesupport (5.2.6) lib/active_support/tagged_logging.rb:71:in `block in tagged'
activesupport (5.2.6) lib/active_support/tagged_logging.rb:28:in `tagged'
activesupport (5.2.6) lib/active_support/tagged_logging.rb:71:in `tagged'
railties (5.2.6) lib/rails/rack/logger.rb:26:in `call'
sprockets-rails (3.2.2) lib/sprockets/rails/quiet_assets.rb:13:in `call'
actionpack (5.2.6) lib/action_dispatch/middleware/remote_ip.rb:81:in `call'
actionpack (5.2.6) lib/action_dispatch/middleware/request_id.rb:27:in `call'
rack (2.2.3) lib/rack/method_override.rb:24:in `call'
rack (2.2.3) lib/rack/runtime.rb:22:in `call'
activesupport (5.2.6) lib/active_support/cache/strategy/local_cache_middleware.rb:29:in `call'
actionpack (5.2.6) lib/action_dispatch/middleware/executor.rb:14:in `call'
actionpack (5.2.6) lib/action_dispatch/middleware/static.rb:127:in `call'
rack (2.2.3) lib/rack/sendfile.rb:110:in `call'
railties (5.2.6) lib/rails/engine.rb:524:in `call'
puma (3.12.6) lib/puma/configuration.rb:227:in `call'
puma (3.12.6) lib/puma/server.rb:706:in `handle_request'
puma (3.12.6) lib/puma/server.rb:476:in `process_client'
puma (3.12.6) lib/puma/server.rb:334:in `block in run'
puma (3.12.6) lib/puma/thread_pool.rb:135:in `block in spawn_thread'
Started GET "/users/new" for ::1 at 2021-06-22 16:44:40 -0600
Processing by UsersController#new as HTML
  Rendering users/new.html.erb within layouts/application
  Rendered users/new.html.erb within layouts/application (0.4ms)
Completed 200 OK in 18ms (Views: 17.1ms | ActiveRecord: 0.0ms)


Started POST "/users" for ::1 at 2021-06-22 16:44:50 -0600
Processing by UsersController#create as HTML
  Parameters: {"authenticity_token"=>"m8kHVQMBPrn5JUdOHE97HTqGT8kg+18RheuWY/ScESvRT1nmWcJJbtsg2Yjcs8bTksro+x4RHCtVq/IQKYDpgQ==", "user"=>{"email"=>"AATester3", "password"=>"[FILTERED]"}}
  [1m[35m (0.2ms)[0m  [1m[35mBEGIN[0m
  ↳ app/controllers/users_controller.rb:9
  [1m[36mUser Exists (0.3ms)[0m  [1m[34mSELECT  1 AS one FROM "users" WHERE "users"."email" = $1 LIMIT $2[0m  [["email", "AATester3"], ["LIMIT", 1]]
  ↳ app/controllers/users_controller.rb:9
  [1m[36mUser Exists (0.2ms)[0m  [1m[34mSELECT  1 AS one FROM "users" WHERE "users"."session_token" = $1 LIMIT $2[0m  [["session_token", "qtQD6JSamlgwGF0IWQulBQ"], ["LIMIT", 1]]
  ↳ app/controllers/users_controller.rb:9
  [1m[36mUser Create (0.2ms)[0m  [1m[32mINSERT INTO "users" ("email", "password_digest", "session_token", "created_at", "updated_at") VALUES ($1, $2, $3, $4, $5) RETURNING "id"[0m  [["email", "AATester3"], ["password_digest", "$2a$12$t9G4W0kNDFpNEXJZuFipJOVA9dnrO79fVwE5xAT/x5S4yvj7Ja26e"], ["session_token", "qtQD6JSamlgwGF0IWQulBQ"], ["created_at", "2021-06-22 22:44:50.607608"], ["updated_at", "2021-06-22 22:44:50.607608"]]
  ↳ app/controllers/users_controller.rb:9
  [1m[35m (0.5ms)[0m  [1m[35mCOMMIT[0m
  ↳ app/controllers/users_controller.rb:9
  [1m[35m (0.1ms)[0m  [1m[35mBEGIN[0m
  ↳ app/models/user.rb:31
  [1m[36mUser Exists (0.2ms)[0m  [1m[34mSELECT  1 AS one FROM "users" WHERE "users"."email" = $1 AND "users"."id" != $2 LIMIT $3[0m  [["email", "AATester3"], ["id", 4], ["LIMIT", 1]]
  ↳ app/models/user.rb:31
  [1m[36mUser Exists (0.2ms)[0m  [1m[34mSELECT  1 AS one FROM "users" WHERE "users"."session_token" = $1 AND "users"."id" != $2 LIMIT $3[0m  [["session_token", "Ec8_zxdAp0A5LcOFPgp9Ig"], ["id", 4], ["LIMIT", 1]]
  ↳ app/models/user.rb:31
  [1m[36mUser Update (0.2ms)[0m  [1m[33mUPDATE "users" SET "session_token" = $1, "updated_at" = $2 WHERE "users"."id" = $3[0m  [["session_token", "Ec8_zxdAp0A5LcOFPgp9Ig"], ["updated_at", "2021-06-22 22:44:50.610520"], ["id", 4]]
  ↳ app/models/user.rb:31
  [1m[35m (0.2ms)[0m  [1m[35mCOMMIT[0m
  ↳ app/models/user.rb:31
  Rendering users/show.html.erb within layouts/application
  Rendered users/show.html.erb within layouts/application (0.4ms)
Completed 200 OK in 228ms (Views: 15.3ms | ActiveRecord: 6.2ms)


Started DELETE "/session" for ::1 at 2021-06-22 16:44:51 -0600
Processing by SessionsController#destroy as HTML
  Parameters: {"authenticity_token"=>"UsSx/KDacO+ncrGgjfqGh/b3AIzKM5bheLXUv4y284EYQu9P+hkHOIV3L2ZNBjtJXrunvvTZ1duo9bDMUaoLKw=="}
  [1m[36mUser Load (0.4ms)[0m  [1m[34mSELECT  "users".* FROM "users" WHERE "users"."session_token" = $1 LIMIT $2[0m  [["session_token", "Ec8_zxdAp0A5LcOFPgp9Ig"], ["LIMIT", 1]]
  ↳ app/controllers/application_controller.rb:10
  [1m[35m (0.1ms)[0m  [1m[35mBEGIN[0m
  ↳ app/models/user.rb:31
  [1m[36mUser Exists (0.3ms)[0m  [1m[34mSELECT  1 AS one FROM "users" WHERE "users"."email" = $1 AND "users"."id" != $2 LIMIT $3[0m  [["email", "AATester3"], ["id", 4], ["LIMIT", 1]]
  ↳ app/models/user.rb:31
  [1m[36mUser Exists (0.3ms)[0m  [1m[34mSELECT  1 AS one FROM "users" WHERE "users"."session_token" = $1 AND "users"."id" != $2 LIMIT $3[0m  [["session_token", "vxeRsayaQGDu4HrO8jv47w"], ["id", 4], ["LIMIT", 1]]
  ↳ app/models/user.rb:31
  [1m[36mUser Update (0.4ms)[0m  [1m[33mUPDATE "users" SET "session_token" = $1, "updated_at" = $2 WHERE "users"."id" = $3[0m  [["session_token", "vxeRsayaQGDu4HrO8jv47w"], ["updated_at", "2021-06-22 22:44:51.915783"], ["id", 4]]
  ↳ app/models/user.rb:31
  [1m[35m (0.3ms)[0m  [1m[35mCOMMIT[0m
  ↳ app/models/user.rb:31
Completed 500 Internal Server Error in 11ms (ActiveRecord: 2.0ms)



ActionView::MissingTemplate - Missing template sessions/destroy, application/destroy with {:locale=>[:en], :formats=>[:html], :variants=>[], :handlers=>[:raw, :erb, :html, :builder, :ruby, :coffee, :jbuilder]}. Searched in:
  * "/Users/lbrilli11/Desktop/AAClasswork/W7D2/classify/app/views":
  app/controllers/sessions_controller.rb:16:in `destroy'

Started POST "/__better_errors/b23397ae7768c5cf/variables" for ::1 at 2021-06-22 16:44:52 -0600
Started GET "/users/new" for ::1 at 2021-06-22 16:45:36 -0600
Processing by UsersController#new as HTML
  Rendering users/new.html.erb within layouts/application
  Rendered users/new.html.erb within layouts/application (0.5ms)
Completed 200 OK in 17ms (Views: 17.0ms | ActiveRecord: 0.0ms)


Started POST "/users" for ::1 at 2021-06-22 16:45:46 -0600
Processing by UsersController#create as HTML
  Parameters: {"authenticity_token"=>"bA6qV/g5f/DvsWN9wHiJrimfKKs+WYOniq1xxNOhG4wmiPTkovoIJ820/bsAhDRggdOPmQCzwJ1a7RW3Dr3jJg==", "user"=>{"email"=>"AATester4", "password"=>"[FILTERED]"}}
  [1m[35m (0.2ms)[0m  [1m[35mBEGIN[0m
  ↳ app/controllers/users_controller.rb:9
  [1m[36mUser Exists (0.3ms)[0m  [1m[34mSELECT  1 AS one FROM "users" WHERE "users"."email" = $1 LIMIT $2[0m  [["email", "AATester4"], ["LIMIT", 1]]
  ↳ app/controllers/users_controller.rb:9
  [1m[36mUser Exists (0.3ms)[0m  [1m[34mSELECT  1 AS one FROM "users" WHERE "users"."session_token" = $1 LIMIT $2[0m  [["session_token", "JWm4EPUmkb3Q_2yxFJn5Ig"], ["LIMIT", 1]]
  ↳ app/controllers/users_controller.rb:9
  [1m[35m (0.1ms)[0m  [1m[31mROLLBACK[0m
  ↳ app/controllers/users_controller.rb:9
Completed 422 Unprocessable Entity in 211ms (ActiveRecord: 4.9ms)



ActiveRecord::RecordInvalid - Validation failed: Password is too short (minimum is 6 characters):
  app/controllers/users_controller.rb:9:in `create'

Started POST "/__better_errors/1f1e7847bb35134e/variables" for ::1 at 2021-06-22 16:45:47 -0600
Started POST "/users" for ::1 at 2021-06-22 16:45:54 -0600
Processing by UsersController#create as HTML
  Parameters: {"authenticity_token"=>"bA6qV/g5f/DvsWN9wHiJrimfKKs+WYOniq1xxNOhG4wmiPTkovoIJ820/bsAhDRggdOPmQCzwJ1a7RW3Dr3jJg==", "user"=>{"email"=>"AATester4", "password"=>"[FILTERED]"}}
  [1m[35m (0.1ms)[0m  [1m[35mBEGIN[0m
  ↳ app/controllers/users_controller.rb:9
  [1m[36mUser Exists (0.3ms)[0m  [1m[34mSELECT  1 AS one FROM "users" WHERE "users"."email" = $1 LIMIT $2[0m  [["email", "AATester4"], ["LIMIT", 1]]
  ↳ app/controllers/users_controller.rb:9
  [1m[36mUser Exists (0.2ms)[0m  [1m[34mSELECT  1 AS one FROM "users" WHERE "users"."session_token" = $1 LIMIT $2[0m  [["session_token", "RoTOIgNPguQ-KpxpgrQI_g"], ["LIMIT", 1]]
  ↳ app/controllers/users_controller.rb:9
  [1m[36mUser Create (0.2ms)[0m  [1m[32mINSERT INTO "users" ("email", "password_digest", "session_token", "created_at", "updated_at") VALUES ($1, $2, $3, $4, $5) RETURNING "id"[0m  [["email", "AATester4"], ["password_digest", "$2a$12$d04gIvbN6R8HJ46qwmh/uOsg57Poa3Tfb3UTNYNBfBGhPUmCT9N/2"], ["session_token", "RoTOIgNPguQ-KpxpgrQI_g"], ["created_at", "2021-06-22 22:45:54.799168"], ["updated_at", "2021-06-22 22:45:54.799168"]]
  ↳ app/controllers/users_controller.rb:9
  [1m[35m (0.5ms)[0m  [1m[35mCOMMIT[0m
  ↳ app/controllers/users_controller.rb:9
  [1m[35m (0.1ms)[0m  [1m[35mBEGIN[0m
  ↳ app/models/user.rb:31
  [1m[36mUser Exists (0.2ms)[0m  [1m[34mSELECT  1 AS one FROM "users" WHERE "users"."email" = $1 AND "users"."id" != $2 LIMIT $3[0m  [["email", "AATester4"], ["id", 5], ["LIMIT", 1]]
  ↳ app/models/user.rb:31
  [1m[36mUser Exists (0.3ms)[0m  [1m[34mSELECT  1 AS one FROM "users" WHERE "users"."session_token" = $1 AND "users"."id" != $2 LIMIT $3[0m  [["session_token", "NIImVPlbt0qpvU1u4dhhAw"], ["id", 5], ["LIMIT", 1]]
  ↳ app/models/user.rb:31
  [1m[36mUser Update (0.3ms)[0m  [1m[33mUPDATE "users" SET "session_token" = $1, "updated_at" = $2 WHERE "users"."id" = $3[0m  [["session_token", "NIImVPlbt0qpvU1u4dhhAw"], ["updated_at", "2021-06-22 22:45:54.802679"], ["id", 5]]
  ↳ app/models/user.rb:31
  [1m[35m (0.2ms)[0m  [1m[35mCOMMIT[0m
  ↳ app/models/user.rb:31
  Rendering users/show.html.erb within layouts/application
  Rendered users/show.html.erb within layouts/application (0.4ms)
Completed 200 OK in 223ms (Views: 17.3ms | ActiveRecord: 2.5ms)


Started DELETE "/session" for ::1 at 2021-06-22 16:45:57 -0600
Processing by SessionsController#destroy as HTML
  Parameters: {"authenticity_token"=>"X/TJIoF5YnkVg5hwuw7oVlHCTXBI4Z/JXpumskt8oVUVcpeR27oVrjeGBrZ78lWY+Y7qQnYL3POO28LBlmBZ/w=="}
  [1m[36mUser Load (0.3ms)[0m  [1m[34mSELECT  "users".* FROM "users" WHERE "users"."session_token" = $1 LIMIT $2[0m  [["session_token", "NIImVPlbt0qpvU1u4dhhAw"], ["LIMIT", 1]]
  ↳ app/controllers/application_controller.rb:10
  [1m[35m (0.1ms)[0m  [1m[35mBEGIN[0m
  ↳ app/models/user.rb:31
  [1m[36mUser Exists (0.3ms)[0m  [1m[34mSELECT  1 AS one FROM "users" WHERE "users"."email" = $1 AND "users"."id" != $2 LIMIT $3[0m  [["email", "AATester4"], ["id", 5], ["LIMIT", 1]]
  ↳ app/models/user.rb:31
  [1m[36mUser Exists (0.3ms)[0m  [1m[34mSELECT  1 AS one FROM "users" WHERE "users"."session_token" = $1 AND "users"."id" != $2 LIMIT $3[0m  [["session_token", "AnrvaBLf_S7IJEou7UH2LQ"], ["id", 5], ["LIMIT", 1]]
  ↳ app/models/user.rb:31
  [1m[36mUser Update (0.4ms)[0m  [1m[33mUPDATE "users" SET "session_token" = $1, "updated_at" = $2 WHERE "users"."id" = $3[0m  [["session_token", "AnrvaBLf_S7IJEou7UH2LQ"], ["updated_at", "2021-06-22 22:45:57.408543"], ["id", 5]]
  ↳ app/models/user.rb:31
  [1m[35m (0.5ms)[0m  [1m[35mCOMMIT[0m
  ↳ app/models/user.rb:31
  Rendering sessions/destroy.html.erb within layouts/application
  Rendered sessions/destroy.html.erb within layouts/application (2.8ms)
Completed 500 Internal Server Error in 14ms (ActiveRecord: 1.8ms)



NoMethodError - undefined method `[]' for nil:NilClass:
  app/views/sessions/destroy.html.erb:1:in `_app_views_sessions_destroy_html_erb___1747771027716907411_70357834955020'
  app/controllers/sessions_controller.rb:16:in `destroy'

Started POST "/__better_errors/7c4d792706174c09/variables" for ::1 at 2021-06-22 16:45:57 -0600
Started GET "/users" for ::1 at 2021-06-22 16:46:16 -0600
  
ActionController::RoutingError (No route matches [GET] "/users"):
  
actionpack (5.2.6) lib/action_dispatch/middleware/debug_exceptions.rb:65:in `call'
web-console (3.7.0) lib/web_console/middleware.rb:135:in `call_app'
web-console (3.7.0) lib/web_console/middleware.rb:30:in `block in call'
web-console (3.7.0) lib/web_console/middleware.rb:20:in `catch'
web-console (3.7.0) lib/web_console/middleware.rb:20:in `call'
actionpack (5.2.6) lib/action_dispatch/middleware/show_exceptions.rb:33:in `call'
railties (5.2.6) lib/rails/rack/logger.rb:38:in `call_app'
railties (5.2.6) lib/rails/rack/logger.rb:26:in `block in call'
activesupport (5.2.6) lib/active_support/tagged_logging.rb:71:in `block in tagged'
activesupport (5.2.6) lib/active_support/tagged_logging.rb:28:in `tagged'
activesupport (5.2.6) lib/active_support/tagged_logging.rb:71:in `tagged'
railties (5.2.6) lib/rails/rack/logger.rb:26:in `call'
sprockets-rails (3.2.2) lib/sprockets/rails/quiet_assets.rb:13:in `call'
actionpack (5.2.6) lib/action_dispatch/middleware/remote_ip.rb:81:in `call'
actionpack (5.2.6) lib/action_dispatch/middleware/request_id.rb:27:in `call'
rack (2.2.3) lib/rack/method_override.rb:24:in `call'
rack (2.2.3) lib/rack/runtime.rb:22:in `call'
activesupport (5.2.6) lib/active_support/cache/strategy/local_cache_middleware.rb:29:in `call'
actionpack (5.2.6) lib/action_dispatch/middleware/executor.rb:14:in `call'
actionpack (5.2.6) lib/action_dispatch/middleware/static.rb:127:in `call'
rack (2.2.3) lib/rack/sendfile.rb:110:in `call'
railties (5.2.6) lib/rails/engine.rb:524:in `call'
puma (3.12.6) lib/puma/configuration.rb:227:in `call'
puma (3.12.6) lib/puma/server.rb:706:in `handle_request'
puma (3.12.6) lib/puma/server.rb:476:in `process_client'
puma (3.12.6) lib/puma/server.rb:334:in `block in run'
puma (3.12.6) lib/puma/thread_pool.rb:135:in `block in spawn_thread'
Started POST "/users" for ::1 at 2021-06-22 16:46:24 -0600
Processing by UsersController#create as HTML
  Parameters: {"authenticity_token"=>"bA6qV/g5f/DvsWN9wHiJrimfKKs+WYOniq1xxNOhG4wmiPTkovoIJ820/bsAhDRggdOPmQCzwJ1a7RW3Dr3jJg==", "user"=>{"email"=>"AATester5", "password"=>"[FILTERED]"}}
  [1m[35m (0.4ms)[0m  [1m[35mBEGIN[0m
  ↳ app/controllers/users_controller.rb:9
  [1m[36mUser Exists (0.3ms)[0m  [1m[34mSELECT  1 AS one FROM "users" WHERE "users"."email" = $1 LIMIT $2[0m  [["email", "AATester5"], ["LIMIT", 1]]
  ↳ app/controllers/users_controller.rb:9
  [1m[36mUser Exists (0.2ms)[0m  [1m[34mSELECT  1 AS one FROM "users" WHERE "users"."session_token" = $1 LIMIT $2[0m  [["session_token", "wj2C-8fI9rbSMLyKdSpv4Q"], ["LIMIT", 1]]
  ↳ app/controllers/users_controller.rb:9
  [1m[36mUser Create (0.3ms)[0m  [1m[32mINSERT INTO "users" ("email", "password_digest", "session_token", "created_at", "updated_at") VALUES ($1, $2, $3, $4, $5) RETURNING "id"[0m  [["email", "AATester5"], ["password_digest", "$2a$12$t0ixUxJgffim1STe/PBkf.Cm6AMQ.bJTvIEHQEdxPzBbQqSNp6nYm"], ["session_token", "wj2C-8fI9rbSMLyKdSpv4Q"], ["created_at", "2021-06-22 22:46:24.468604"], ["updated_at", "2021-06-22 22:46:24.468604"]]
  ↳ app/controllers/users_controller.rb:9
  [1m[35m (0.4ms)[0m  [1m[35mCOMMIT[0m
  ↳ app/controllers/users_controller.rb:9
  [1m[35m (0.1ms)[0m  [1m[35mBEGIN[0m
  ↳ app/models/user.rb:31
  [1m[36mUser Exists (0.3ms)[0m  [1m[34mSELECT  1 AS one FROM "users" WHERE "users"."email" = $1 AND "users"."id" != $2 LIMIT $3[0m  [["email", "AATester5"], ["id", 6], ["LIMIT", 1]]
  ↳ app/models/user.rb:31
  [1m[36mUser Exists (0.2ms)[0m  [1m[34mSELECT  1 AS one FROM "users" WHERE "users"."session_token" = $1 AND "users"."id" != $2 LIMIT $3[0m  [["session_token", "3QIcXECxi-oL-aOQU6oeLA"], ["id", 6], ["LIMIT", 1]]
  ↳ app/models/user.rb:31
  [1m[36mUser Update (0.2ms)[0m  [1m[33mUPDATE "users" SET "session_token" = $1, "updated_at" = $2 WHERE "users"."id" = $3[0m  [["session_token", "3QIcXECxi-oL-aOQU6oeLA"], ["updated_at", "2021-06-22 22:46:24.475829"], ["id", 6]]
  ↳ app/models/user.rb:31
  [1m[35m (0.2ms)[0m  [1m[35mCOMMIT[0m
  ↳ app/models/user.rb:31
  Rendering users/show.html.erb within layouts/application
  Rendered users/show.html.erb within layouts/application (0.4ms)
Completed 200 OK in 225ms (Views: 16.3ms | ActiveRecord: 2.6ms)


Started DELETE "/session" for ::1 at 2021-06-22 16:46:25 -0600
Processing by SessionsController#destroy as HTML
  Parameters: {"authenticity_token"=>"L1A4WalhDZ5eGdTixgk5VIuVmVqeq9J3dJBCLv3Dusll1mbq86J6SXwcSiQG9YSaI9k+aKBBkU2k0CZdIN9CYw=="}
  [1m[36mUser Load (0.3ms)[0m  [1m[34mSELECT  "users".* FROM "users" WHERE "users"."session_token" = $1 LIMIT $2[0m  [["session_token", "3QIcXECxi-oL-aOQU6oeLA"], ["LIMIT", 1]]
  ↳ app/controllers/application_controller.rb:10
  [1m[35m (0.1ms)[0m  [1m[35mBEGIN[0m
  ↳ app/models/user.rb:31
  [1m[36mUser Exists (0.3ms)[0m  [1m[34mSELECT  1 AS one FROM "users" WHERE "users"."email" = $1 AND "users"."id" != $2 LIMIT $3[0m  [["email", "AATester5"], ["id", 6], ["LIMIT", 1]]
  ↳ app/models/user.rb:31
  [1m[36mUser Exists (0.3ms)[0m  [1m[34mSELECT  1 AS one FROM "users" WHERE "users"."session_token" = $1 AND "users"."id" != $2 LIMIT $3[0m  [["session_token", "u1vh6pqNhfiounVfitz9HA"], ["id", 6], ["LIMIT", 1]]
  ↳ app/models/user.rb:31
  [1m[36mUser Update (0.3ms)[0m  [1m[33mUPDATE "users" SET "session_token" = $1, "updated_at" = $2 WHERE "users"."id" = $3[0m  [["session_token", "u1vh6pqNhfiounVfitz9HA"], ["updated_at", "2021-06-22 22:46:25.642254"], ["id", 6]]
  ↳ app/models/user.rb:31
  [1m[35m (0.4ms)[0m  [1m[35mCOMMIT[0m
  ↳ app/models/user.rb:31
  Rendering sessions/destroy.html.erb within layouts/application
  Rendered sessions/destroy.html.erb within layouts/application (0.2ms)
Completed 200 OK in 21ms (Views: 16.6ms | ActiveRecord: 1.6ms)


Started GET "/users/new" for ::1 at 2021-06-22 17:24:54 -0600
Processing by UsersController#new as HTML
  Rendering users/new.html.erb within layouts/application
  Rendered users/new.html.erb within layouts/application (0.4ms)
Completed 200 OK in 17ms (Views: 16.7ms | ActiveRecord: 0.0ms)


Started GET "/users/new" for ::1 at 2021-06-22 17:25:06 -0600
Processing by UsersController#new as HTML
  Rendering users/new.html.erb within layouts/application
  Rendered users/new.html.erb within layouts/application (0.4ms)
Completed 200 OK in 16ms (Views: 15.9ms | ActiveRecord: 0.0ms)


Started GET "/session/new" for ::1 at 2021-06-22 17:29:19 -0600
Processing by SessionsController#new as HTML
  Rendering sessions/new.html.erb within layouts/application
  Rendered sessions/new.html.erb within layouts/application (0.4ms)
Completed 200 OK in 18ms (Views: 17.9ms | ActiveRecord: 0.0ms)


Started POST "/users" for ::1 at 2021-06-22 17:29:33 -0600
Processing by UsersController#create as HTML
  Parameters: {"authenticity_token"=>"6SRa4wf4JZ8yNhtJvyQxNLkXpPlK7QWXwVMcyfrKzf+jogRQXTtSSBAzhY9/2Iz6EVsDy3QHRq0RE3i6J9Y1VQ==", "user"=>{"email"=>"AATester", "password"=>"[FILTERED]"}}
  [1m[35m (0.1ms)[0m  [1m[35mBEGIN[0m
  ↳ app/controllers/users_controller.rb:9
  [1m[36mUser Exists (1.5ms)[0m  [1m[34mSELECT  1 AS one FROM "users" WHERE "users"."email" = $1 LIMIT $2[0m  [["email", "AATester"], ["LIMIT", 1]]
  ↳ app/controllers/users_controller.rb:9
  [1m[36mUser Exists (0.2ms)[0m  [1m[34mSELECT  1 AS one FROM "users" WHERE "users"."session_token" = $1 LIMIT $2[0m  [["session_token", "hFPuMcP0t8Wofc-2ivd_9w"], ["LIMIT", 1]]
  ↳ app/controllers/users_controller.rb:9
  [1m[35m (0.1ms)[0m  [1m[31mROLLBACK[0m
  ↳ app/controllers/users_controller.rb:9
Completed 422 Unprocessable Entity in 202ms (ActiveRecord: 2.0ms)



ActiveRecord::RecordInvalid - Validation failed: Email has already been taken:
  app/controllers/users_controller.rb:9:in `create'

Started POST "/__better_errors/bcffb039ef5e5a81/variables" for ::1 at 2021-06-22 17:29:33 -0600
Started POST "/users" for ::1 at 2021-06-22 17:30:12 -0600
Processing by UsersController#create as HTML
  Parameters: {"authenticity_token"=>"6SRa4wf4JZ8yNhtJvyQxNLkXpPlK7QWXwVMcyfrKzf+jogRQXTtSSBAzhY9/2Iz6EVsDy3QHRq0RE3i6J9Y1VQ==", "user"=>{"email"=>"AATester", "password"=>"[FILTERED]"}}
  [1m[35m (0.3ms)[0m  [1m[35mBEGIN[0m
  ↳ app/controllers/users_controller.rb:9
  [1m[36mUser Exists (0.3ms)[0m  [1m[34mSELECT  1 AS one FROM "users" WHERE "users"."email" = $1 LIMIT $2[0m  [["email", "AATester"], ["LIMIT", 1]]
  ↳ app/controllers/users_controller.rb:9
  [1m[36mUser Exists (0.2ms)[0m  [1m[34mSELECT  1 AS one FROM "users" WHERE "users"."session_token" = $1 LIMIT $2[0m  [["session_token", "orv6ktifWDG2_wKS2nC_NA"], ["LIMIT", 1]]
  ↳ app/controllers/users_controller.rb:9
  [1m[35m (0.1ms)[0m  [1m[31mROLLBACK[0m
  ↳ app/controllers/users_controller.rb:9
Completed 422 Unprocessable Entity in 203ms (ActiveRecord: 1.0ms)



ActiveRecord::RecordInvalid - Validation failed: Email has already been taken:
  app/controllers/users_controller.rb:9:in `create'

Started POST "/__better_errors/ea8da42093e049e6/variables" for ::1 at 2021-06-22 17:30:13 -0600
Started POST "/users" for ::1 at 2021-06-22 17:31:35 -0600
Processing by UsersController#create as HTML
  Parameters: {"authenticity_token"=>"6SRa4wf4JZ8yNhtJvyQxNLkXpPlK7QWXwVMcyfrKzf+jogRQXTtSSBAzhY9/2Iz6EVsDy3QHRq0RE3i6J9Y1VQ==", "user"=>{"email"=>"AATester", "password"=>"[FILTERED]"}}
  [1m[35m (0.1ms)[0m  [1m[35mBEGIN[0m
  ↳ app/controllers/users_controller.rb:9
  [1m[36mUser Exists (0.3ms)[0m  [1m[34mSELECT  1 AS one FROM "users" WHERE "users"."email" = $1 LIMIT $2[0m  [["email", "AATester"], ["LIMIT", 1]]
  ↳ app/controllers/users_controller.rb:9
  [1m[36mUser Exists (0.2ms)[0m  [1m[34mSELECT  1 AS one FROM "users" WHERE "users"."session_token" = $1 LIMIT $2[0m  [["session_token", "hFdcsGmgH4Aq589z3c35oQ"], ["LIMIT", 1]]
  ↳ app/controllers/users_controller.rb:9
  [1m[35m (0.1ms)[0m  [1m[31mROLLBACK[0m
  ↳ app/controllers/users_controller.rb:9
Completed 422 Unprocessable Entity in 200ms (ActiveRecord: 0.7ms)



ActiveRecord::RecordInvalid - Validation failed: Email has already been taken:
  app/controllers/users_controller.rb:9:in `create'

Started POST "/__better_errors/c35f479e8cbe3575/variables" for ::1 at 2021-06-22 17:31:36 -0600
Started POST "/users" for ::1 at 2021-06-22 17:31:58 -0600
Processing by UsersController#create as HTML
  Parameters: {"authenticity_token"=>"6SRa4wf4JZ8yNhtJvyQxNLkXpPlK7QWXwVMcyfrKzf+jogRQXTtSSBAzhY9/2Iz6EVsDy3QHRq0RE3i6J9Y1VQ==", "user"=>{"email"=>"AATester", "password"=>"[FILTERED]"}}
  [1m[35m (0.4ms)[0m  [1m[35mBEGIN[0m
  ↳ app/controllers/users_controller.rb:9
  [1m[36mUser Exists (0.4ms)[0m  [1m[34mSELECT  1 AS one FROM "users" WHERE "users"."email" = $1 LIMIT $2[0m  [["email", "AATester"], ["LIMIT", 1]]
  ↳ app/controllers/users_controller.rb:9
  [1m[36mUser Exists (0.2ms)[0m  [1m[34mSELECT  1 AS one FROM "users" WHERE "users"."session_token" = $1 LIMIT $2[0m  [["session_token", "LUS8JhDn9YagmV_Me59-jQ"], ["LIMIT", 1]]
  ↳ app/controllers/users_controller.rb:9
  [1m[35m (0.2ms)[0m  [1m[31mROLLBACK[0m
  ↳ app/controllers/users_controller.rb:9
Completed 422 Unprocessable Entity in 205ms (ActiveRecord: 1.3ms)



ActiveRecord::RecordInvalid - Validation failed: Email has already been taken:
  app/controllers/users_controller.rb:9:in `create'

Started POST "/__better_errors/87ef72ce59b490f6/variables" for ::1 at 2021-06-22 17:31:58 -0600
Started POST "/users" for ::1 at 2021-06-22 17:32:54 -0600
Processing by UsersController#create as HTML
  Parameters: {"authenticity_token"=>"6SRa4wf4JZ8yNhtJvyQxNLkXpPlK7QWXwVMcyfrKzf+jogRQXTtSSBAzhY9/2Iz6EVsDy3QHRq0RE3i6J9Y1VQ==", "user"=>{"email"=>"AATester", "password"=>"[FILTERED]"}}
  [1m[35m (0.1ms)[0m  [1m[35mBEGIN[0m
  ↳ app/controllers/users_controller.rb:9
  [1m[36mUser Exists (0.3ms)[0m  [1m[34mSELECT  1 AS one FROM "users" WHERE "users"."email" = $1 LIMIT $2[0m  [["email", "AATester"], ["LIMIT", 1]]
  ↳ app/controllers/users_controller.rb:9
  [1m[36mUser Exists (0.2ms)[0m  [1m[34mSELECT  1 AS one FROM "users" WHERE "users"."session_token" = $1 LIMIT $2[0m  [["session_token", "l6BFh8mJGKAluBpEQzrxgA"], ["LIMIT", 1]]
  ↳ app/controllers/users_controller.rb:9
  [1m[35m (0.1ms)[0m  [1m[31mROLLBACK[0m
  ↳ app/controllers/users_controller.rb:9
Completed 422 Unprocessable Entity in 201ms (ActiveRecord: 0.7ms)



ActiveRecord::RecordInvalid - Validation failed: Email has already been taken:
  app/controllers/users_controller.rb:9:in `create'

Started POST "/__better_errors/8d3255936056e86a/variables" for ::1 at 2021-06-22 17:32:55 -0600
Started GET "/session/new" for ::1 at 2021-06-22 17:33:31 -0600
Processing by SessionsController#new as HTML
  Rendering sessions/new.html.erb within layouts/application
  Rendered sessions/new.html.erb within layouts/application (3.0ms)
Completed 500 Internal Server Error in 9ms (ActiveRecord: 0.0ms)



ActionController::UrlGenerationError - No route matches {:action=>"show", :controller=>"users"}, missing required keys: [:id]:
  app/views/sessions/new.html.erb:3:in `_app_views_sessions_new_html_erb___3599437498739663567_70358488374500'
  app/controllers/sessions_controller.rb:4:in `new'

Started POST "/__better_errors/0a7ea25001b9a94a/variables" for ::1 at 2021-06-22 17:33:31 -0600
Started GET "/session/new" for ::1 at 2021-06-22 17:33:59 -0600
Processing by SessionsController#new as HTML
  Rendering sessions/new.html.erb within layouts/application
  Rendered sessions/new.html.erb within layouts/application (3.4ms)
Completed 500 Internal Server Error in 9ms (ActiveRecord: 0.0ms)



ActionController::UrlGenerationError - No route matches {:action=>"show", :controller=>"users"}, missing required keys: [:id]:
  app/views/sessions/new.html.erb:3:in `_app_views_sessions_new_html_erb___3599437498739663567_70357836213740'
  app/controllers/sessions_controller.rb:4:in `new'

Started POST "/__better_errors/9ad6898bee92cc46/variables" for ::1 at 2021-06-22 17:33:59 -0600
Started POST "/__better_errors/9ad6898bee92cc46/eval" for ::1 at 2021-06-22 17:34:13 -0600
Started GET "/session/new" for ::1 at 2021-06-22 17:34:37 -0600
Processing by SessionsController#new as HTML
  Rendering sessions/new.html.erb within layouts/application
  Rendered sessions/new.html.erb within layouts/application (3.1ms)
Completed 500 Internal Server Error in 9ms (ActiveRecord: 0.0ms)



ActionController::UrlGenerationError - No route matches {:action=>"show", :controller=>"users"}, missing required keys: [:id]:
  app/views/sessions/new.html.erb:3:in `_app_views_sessions_new_html_erb___3599437498739663567_70358353384820'
  app/controllers/sessions_controller.rb:4:in `new'

Started POST "/__better_errors/90c39a090394c81a/variables" for ::1 at 2021-06-22 17:34:37 -0600
Started GET "/session/new" for ::1 at 2021-06-22 17:34:45 -0600
Processing by SessionsController#new as HTML
  Rendering sessions/new.html.erb within layouts/application
  Rendered sessions/new.html.erb within layouts/application (0.4ms)
Completed 200 OK in 20ms (Views: 19.6ms | ActiveRecord: 0.0ms)


Started POST "/users" for ::1 at 2021-06-22 17:34:50 -0600
Processing by UsersController#create as HTML
  Parameters: {"authenticity_token"=>"IxZ99YdDw7FYq4GU9C4f/AI9dc3fgJ+dniec6NBIBXRpkCNG3YC0ZnquH1I00qIyqnHS/+Fq3KdOZ/ibDVT93g==", "user"=>{"email"=>"AATester", "password"=>"[FILTERED]"}}
  [1m[35m (0.3ms)[0m  [1m[35mBEGIN[0m
  ↳ app/controllers/users_controller.rb:9
  [1m[36mUser Exists (0.3ms)[0m  [1m[34mSELECT  1 AS one FROM "users" WHERE "users"."email" = $1 LIMIT $2[0m  [["email", "AATester"], ["LIMIT", 1]]
  ↳ app/controllers/users_controller.rb:9
  [1m[36mUser Exists (0.2ms)[0m  [1m[34mSELECT  1 AS one FROM "users" WHERE "users"."session_token" = $1 LIMIT $2[0m  [["session_token", "935-4ux0SI0vNn01HgVpoA"], ["LIMIT", 1]]
  ↳ app/controllers/users_controller.rb:9
  [1m[35m (0.1ms)[0m  [1m[31mROLLBACK[0m
  ↳ app/controllers/users_controller.rb:9
Completed 422 Unprocessable Entity in 203ms (ActiveRecord: 0.8ms)



ActiveRecord::RecordInvalid - Validation failed: Email has already been taken:
  app/controllers/users_controller.rb:9:in `create'

Started POST "/__better_errors/5bdbdebc2eb9bf5d/variables" for ::1 at 2021-06-22 17:34:50 -0600
Started GET "/session/new" for ::1 at 2021-06-22 17:36:22 -0600
Processing by SessionsController#new as HTML
  Rendering sessions/new.html.erb within layouts/application
  Rendered sessions/new.html.erb within layouts/application (0.4ms)
Completed 200 OK in 17ms (Views: 16.3ms | ActiveRecord: 0.0ms)


Started POST "/users" for ::1 at 2021-06-22 17:36:29 -0600
Processing by UsersController#create as HTML
  Parameters: {"authenticity_token"=>"OnAb2lO4rRUVkfyAmI5tbauDEhqxbZkY3fd2W5/KadVw9kVpCXvawjeUYkZYctCjA8+1KI+H2iINtxIoQtaRfw==", "user"=>{"email"=>"AATester", "password"=>"[FILTERED]"}}
  [1m[35m (0.4ms)[0m  [1m[35mBEGIN[0m
  ↳ app/controllers/users_controller.rb:9
  [1m[36mUser Exists (1.4ms)[0m  [1m[34mSELECT  1 AS one FROM "users" WHERE "users"."email" = $1 LIMIT $2[0m  [["email", "AATester"], ["LIMIT", 1]]
  ↳ app/controllers/users_controller.rb:9
  [1m[36mUser Exists (0.3ms)[0m  [1m[34mSELECT  1 AS one FROM "users" WHERE "users"."session_token" = $1 LIMIT $2[0m  [["session_token", "TFjSEUrv7xDLly1vNa03vw"], ["LIMIT", 1]]
  ↳ app/controllers/users_controller.rb:9
  [1m[35m (0.2ms)[0m  [1m[31mROLLBACK[0m
  ↳ app/controllers/users_controller.rb:9
Completed 422 Unprocessable Entity in 210ms (ActiveRecord: 2.2ms)



ActiveRecord::RecordInvalid - Validation failed: Email has already been taken:
  app/controllers/users_controller.rb:9:in `create'

Started POST "/__better_errors/ecad2e865ef31130/variables" for ::1 at 2021-06-22 17:36:29 -0600
Started POST "/users" for ::1 at 2021-06-22 17:38:29 -0600
Processing by UsersController#create as HTML
  Parameters: {"authenticity_token"=>"OnAb2lO4rRUVkfyAmI5tbauDEhqxbZkY3fd2W5/KadVw9kVpCXvawjeUYkZYctCjA8+1KI+H2iINtxIoQtaRfw==", "user"=>{"email"=>"AATester", "password"=>"[FILTERED]"}}
  [1m[35m (0.2ms)[0m  [1m[35mBEGIN[0m
  ↳ app/controllers/users_controller.rb:9
  [1m[36mUser Exists (0.3ms)[0m  [1m[34mSELECT  1 AS one FROM "users" WHERE "users"."email" = $1 LIMIT $2[0m  [["email", "AATester"], ["LIMIT", 1]]
  ↳ app/controllers/users_controller.rb:9
  [1m[36mUser Exists (0.2ms)[0m  [1m[34mSELECT  1 AS one FROM "users" WHERE "users"."session_token" = $1 LIMIT $2[0m  [["session_token", "mGbvZpD1LllKSbYlzxvixw"], ["LIMIT", 1]]
  ↳ app/controllers/users_controller.rb:9
  [1m[35m (0.1ms)[0m  [1m[31mROLLBACK[0m
  ↳ app/controllers/users_controller.rb:9
Completed 422 Unprocessable Entity in 200ms (ActiveRecord: 0.7ms)



ActiveRecord::RecordInvalid - Validation failed: Email has already been taken:
  app/controllers/users_controller.rb:9:in `create'

Started POST "/__better_errors/db829fee6006f828/variables" for ::1 at 2021-06-22 17:38:29 -0600
Started POST "/users" for ::1 at 2021-06-22 17:39:06 -0600
Processing by UsersController#create as HTML
  Parameters: {"authenticity_token"=>"OnAb2lO4rRUVkfyAmI5tbauDEhqxbZkY3fd2W5/KadVw9kVpCXvawjeUYkZYctCjA8+1KI+H2iINtxIoQtaRfw==", "user"=>{"email"=>"AATester", "password"=>"[FILTERED]"}}
  [1m[35m (0.1ms)[0m  [1m[35mBEGIN[0m
  ↳ app/controllers/users_controller.rb:9
  [1m[36mUser Exists (0.3ms)[0m  [1m[34mSELECT  1 AS one FROM "users" WHERE "users"."email" = $1 LIMIT $2[0m  [["email", "AATester"], ["LIMIT", 1]]
  ↳ app/controllers/users_controller.rb:9
  [1m[36mUser Exists (0.2ms)[0m  [1m[34mSELECT  1 AS one FROM "users" WHERE "users"."session_token" = $1 LIMIT $2[0m  [["session_token", "sR0Lg1ojaqTLIQncmdXKNQ"], ["LIMIT", 1]]
  ↳ app/controllers/users_controller.rb:9
  [1m[35m (0.1ms)[0m  [1m[31mROLLBACK[0m
  ↳ app/controllers/users_controller.rb:9
Completed 422 Unprocessable Entity in 202ms (ActiveRecord: 0.7ms)



ActiveRecord::RecordInvalid - Validation failed: Email has already been taken:
  app/controllers/users_controller.rb:9:in `create'

Started POST "/__better_errors/439efced2f8c1338/variables" for ::1 at 2021-06-22 17:39:06 -0600
Started POST "/__better_errors/439efced2f8c1338/eval" for ::1 at 2021-06-22 17:39:16 -0600
Started GET "/users/new" for ::1 at 2021-06-22 17:39:38 -0600
Processing by UsersController#new as HTML
  Rendering users/new.html.erb within layouts/application
  Rendered users/new.html.erb within layouts/application (0.4ms)
Completed 200 OK in 18ms (Views: 17.2ms | ActiveRecord: 0.0ms)


Started POST "/users" for ::1 at 2021-06-22 17:39:50 -0600
Processing by UsersController#create as HTML
  Parameters: {"authenticity_token"=>"tTMVb2FIiC7u1X4f3dOP8929MXnloh1u0Sxzcm39pSL/tUvcO4v/+czQ4NkdLzI9dfGWS9tIXlQBbBcBsOFdiA==", "user"=>{"email"=>"AATester6", "password"=>"[FILTERED]"}}
  [1m[35m (0.2ms)[0m  [1m[35mBEGIN[0m
  ↳ app/controllers/users_controller.rb:9
  [1m[36mUser Exists (0.3ms)[0m  [1m[34mSELECT  1 AS one FROM "users" WHERE "users"."email" = $1 LIMIT $2[0m  [["email", "AATester6"], ["LIMIT", 1]]
  ↳ app/controllers/users_controller.rb:9
  [1m[36mUser Exists (0.4ms)[0m  [1m[34mSELECT  1 AS one FROM "users" WHERE "users"."session_token" = $1 LIMIT $2[0m  [["session_token", "rht7GPHXKSFYjX5m0MDUxw"], ["LIMIT", 1]]
  ↳ app/controllers/users_controller.rb:9
  [1m[35m (0.2ms)[0m  [1m[31mROLLBACK[0m
  ↳ app/controllers/users_controller.rb:9
Completed 422 Unprocessable Entity in 202ms (ActiveRecord: 1.1ms)



ActiveRecord::RecordInvalid - Validation failed: Password is too short (minimum is 6 characters):
  app/controllers/users_controller.rb:9:in `create'

Started POST "/__better_errors/d767220d72910c6a/variables" for ::1 at 2021-06-22 17:39:50 -0600
Started POST "/users" for ::1 at 2021-06-22 17:39:59 -0600
Processing by UsersController#create as HTML
  Parameters: {"authenticity_token"=>"tTMVb2FIiC7u1X4f3dOP8929MXnloh1u0Sxzcm39pSL/tUvcO4v/+czQ4NkdLzI9dfGWS9tIXlQBbBcBsOFdiA==", "user"=>{"email"=>"AATester6", "password"=>"[FILTERED]"}}
  [1m[35m (0.4ms)[0m  [1m[35mBEGIN[0m
  ↳ app/controllers/users_controller.rb:9
  [1m[36mUser Exists (0.5ms)[0m  [1m[34mSELECT  1 AS one FROM "users" WHERE "users"."email" = $1 LIMIT $2[0m  [["email", "AATester6"], ["LIMIT", 1]]
  ↳ app/controllers/users_controller.rb:9
  [1m[36mUser Exists (0.4ms)[0m  [1m[34mSELECT  1 AS one FROM "users" WHERE "users"."session_token" = $1 LIMIT $2[0m  [["session_token", "EWJcr0oECuAHgsOKsFsqMg"], ["LIMIT", 1]]
  ↳ app/controllers/users_controller.rb:9
  [1m[36mUser Create (0.6ms)[0m  [1m[32mINSERT INTO "users" ("email", "password_digest", "session_token", "created_at", "updated_at") VALUES ($1, $2, $3, $4, $5) RETURNING "id"[0m  [["email", "AATester6"], ["password_digest", "$2a$12$7/BXvy.37/NnQAivdChl1uzk9YgNJdrIhc1pmUiisdKJSa.eFHVv6"], ["session_token", "EWJcr0oECuAHgsOKsFsqMg"], ["created_at", "2021-06-22 23:39:59.840584"], ["updated_at", "2021-06-22 23:39:59.840584"]]
  ↳ app/controllers/users_controller.rb:9
  [1m[35m (0.6ms)[0m  [1m[35mCOMMIT[0m
  ↳ app/controllers/users_controller.rb:9
  [1m[35m (0.4ms)[0m  [1m[35mBEGIN[0m
  ↳ app/models/user.rb:31
  [1m[36mUser Exists (0.5ms)[0m  [1m[34mSELECT  1 AS one FROM "users" WHERE "users"."email" = $1 AND "users"."id" != $2 LIMIT $3[0m  [["email", "AATester6"], ["id", 7], ["LIMIT", 1]]
  ↳ app/models/user.rb:31
  [1m[36mUser Exists (0.4ms)[0m  [1m[34mSELECT  1 AS one FROM "users" WHERE "users"."session_token" = $1 AND "users"."id" != $2 LIMIT $3[0m  [["session_token", "r6GuvyY_JWYSuKqbxx0gow"], ["id", 7], ["LIMIT", 1]]
  ↳ app/models/user.rb:31
  [1m[36mUser Update (0.4ms)[0m  [1m[33mUPDATE "users" SET "session_token" = $1, "updated_at" = $2 WHERE "users"."id" = $3[0m  [["session_token", "r6GuvyY_JWYSuKqbxx0gow"], ["updated_at", "2021-06-22 23:39:59.847812"], ["id", 7]]
  ↳ app/models/user.rb:31
  [1m[35m (0.3ms)[0m  [1m[35mCOMMIT[0m
  ↳ app/models/user.rb:31
  Rendering users/show.html.erb within layouts/application
  Rendered users/show.html.erb within layouts/application (0.4ms)
Completed 200 OK in 231ms (Views: 19.9ms | ActiveRecord: 4.5ms)


Started DELETE "/session" for ::1 at 2021-06-22 17:40:04 -0600
Processing by SessionsController#destroy as HTML
  Parameters: {"authenticity_token"=>"kYyDxyYksQ6/euOWfwWaUpctomaYrpymyrPqRwPswxzbCt10fOfG2Z1/fVC/+SecP2EFVKZE35wa84403vA7tg=="}
  [1m[36mUser Load (0.2ms)[0m  [1m[34mSELECT  "users".* FROM "users" WHERE "users"."session_token" = $1 LIMIT $2[0m  [["session_token", "r6GuvyY_JWYSuKqbxx0gow"], ["LIMIT", 1]]
  ↳ app/controllers/application_controller.rb:10
  [1m[35m (0.1ms)[0m  [1m[35mBEGIN[0m
  ↳ app/models/user.rb:31
  [1m[36mUser Exists (0.4ms)[0m  [1m[34mSELECT  1 AS one FROM "users" WHERE "users"."email" = $1 AND "users"."id" != $2 LIMIT $3[0m  [["email", "AATester6"], ["id", 7], ["LIMIT", 1]]
  ↳ app/models/user.rb:31
  [1m[36mUser Exists (0.2ms)[0m  [1m[34mSELECT  1 AS one FROM "users" WHERE "users"."session_token" = $1 AND "users"."id" != $2 LIMIT $3[0m  [["session_token", "qbAoo84N_0iQ0xiGvQ9n5Q"], ["id", 7], ["LIMIT", 1]]
  ↳ app/models/user.rb:31
  [1m[36mUser Update (0.3ms)[0m  [1m[33mUPDATE "users" SET "session_token" = $1, "updated_at" = $2 WHERE "users"."id" = $3[0m  [["session_token", "qbAoo84N_0iQ0xiGvQ9n5Q"], ["updated_at", "2021-06-22 23:40:04.544372"], ["id", 7]]
  ↳ app/models/user.rb:31
  [1m[35m (0.4ms)[0m  [1m[35mCOMMIT[0m
  ↳ app/models/user.rb:31
  Rendering sessions/destroy.html.erb within layouts/application
  Rendered sessions/destroy.html.erb within layouts/application (0.3ms)
Completed 200 OK in 20ms (Views: 15.5ms | ActiveRecord: 1.7ms)


Started GET "/session/new" for ::1 at 2021-06-22 17:40:09 -0600
Processing by SessionsController#new as HTML
  Rendering sessions/new.html.erb within layouts/application
  Rendered sessions/new.html.erb within layouts/application (3.1ms)
Completed 500 Internal Server Error in 9ms (ActiveRecord: 0.0ms)



ActionController::UrlGenerationError - No route matches {:action=>"show", :controller=>"users"}, missing required keys: [:id]:
  app/views/sessions/new.html.erb:3:in `_app_views_sessions_new_html_erb___3599437498739663567_70358353026300'
  app/controllers/sessions_controller.rb:4:in `new'

Started POST "/__better_errors/bb387393b5ae264d/variables" for ::1 at 2021-06-22 17:40:09 -0600
Started GET "/session" for ::1 at 2021-06-22 17:40:14 -0600
  
ActionController::RoutingError (No route matches [GET] "/session"):
  
actionpack (5.2.6) lib/action_dispatch/middleware/debug_exceptions.rb:65:in `call'
web-console (3.7.0) lib/web_console/middleware.rb:135:in `call_app'
web-console (3.7.0) lib/web_console/middleware.rb:30:in `block in call'
web-console (3.7.0) lib/web_console/middleware.rb:20:in `catch'
web-console (3.7.0) lib/web_console/middleware.rb:20:in `call'
actionpack (5.2.6) lib/action_dispatch/middleware/show_exceptions.rb:33:in `call'
railties (5.2.6) lib/rails/rack/logger.rb:38:in `call_app'
railties (5.2.6) lib/rails/rack/logger.rb:26:in `block in call'
activesupport (5.2.6) lib/active_support/tagged_logging.rb:71:in `block in tagged'
activesupport (5.2.6) lib/active_support/tagged_logging.rb:28:in `tagged'
activesupport (5.2.6) lib/active_support/tagged_logging.rb:71:in `tagged'
railties (5.2.6) lib/rails/rack/logger.rb:26:in `call'
sprockets-rails (3.2.2) lib/sprockets/rails/quiet_assets.rb:13:in `call'
actionpack (5.2.6) lib/action_dispatch/middleware/remote_ip.rb:81:in `call'
actionpack (5.2.6) lib/action_dispatch/middleware/request_id.rb:27:in `call'
rack (2.2.3) lib/rack/method_override.rb:24:in `call'
rack (2.2.3) lib/rack/runtime.rb:22:in `call'
activesupport (5.2.6) lib/active_support/cache/strategy/local_cache_middleware.rb:29:in `call'
actionpack (5.2.6) lib/action_dispatch/middleware/executor.rb:14:in `call'
actionpack (5.2.6) lib/action_dispatch/middleware/static.rb:127:in `call'
rack (2.2.3) lib/rack/sendfile.rb:110:in `call'
railties (5.2.6) lib/rails/engine.rb:524:in `call'
puma (3.12.6) lib/puma/configuration.rb:227:in `call'
puma (3.12.6) lib/puma/server.rb:706:in `handle_request'
puma (3.12.6) lib/puma/server.rb:476:in `process_client'
puma (3.12.6) lib/puma/server.rb:334:in `block in run'
puma (3.12.6) lib/puma/thread_pool.rb:135:in `block in spawn_thread'
Started GET "/sessions/new" for ::1 at 2021-06-22 17:40:17 -0600
  
ActionController::RoutingError (No route matches [GET] "/sessions/new"):
  
actionpack (5.2.6) lib/action_dispatch/middleware/debug_exceptions.rb:65:in `call'
web-console (3.7.0) lib/web_console/middleware.rb:135:in `call_app'
web-console (3.7.0) lib/web_console/middleware.rb:30:in `block in call'
web-console (3.7.0) lib/web_console/middleware.rb:20:in `catch'
web-console (3.7.0) lib/web_console/middleware.rb:20:in `call'
actionpack (5.2.6) lib/action_dispatch/middleware/show_exceptions.rb:33:in `call'
railties (5.2.6) lib/rails/rack/logger.rb:38:in `call_app'
railties (5.2.6) lib/rails/rack/logger.rb:26:in `block in call'
activesupport (5.2.6) lib/active_support/tagged_logging.rb:71:in `block in tagged'
activesupport (5.2.6) lib/active_support/tagged_logging.rb:28:in `tagged'
activesupport (5.2.6) lib/active_support/tagged_logging.rb:71:in `tagged'
railties (5.2.6) lib/rails/rack/logger.rb:26:in `call'
sprockets-rails (3.2.2) lib/sprockets/rails/quiet_assets.rb:13:in `call'
actionpack (5.2.6) lib/action_dispatch/middleware/remote_ip.rb:81:in `call'
actionpack (5.2.6) lib/action_dispatch/middleware/request_id.rb:27:in `call'
rack (2.2.3) lib/rack/method_override.rb:24:in `call'
rack (2.2.3) lib/rack/runtime.rb:22:in `call'
activesupport (5.2.6) lib/active_support/cache/strategy/local_cache_middleware.rb:29:in `call'
actionpack (5.2.6) lib/action_dispatch/middleware/executor.rb:14:in `call'
actionpack (5.2.6) lib/action_dispatch/middleware/static.rb:127:in `call'
rack (2.2.3) lib/rack/sendfile.rb:110:in `call'
railties (5.2.6) lib/rails/engine.rb:524:in `call'
puma (3.12.6) lib/puma/configuration.rb:227:in `call'
puma (3.12.6) lib/puma/server.rb:706:in `handle_request'
puma (3.12.6) lib/puma/server.rb:476:in `process_client'
puma (3.12.6) lib/puma/server.rb:334:in `block in run'
puma (3.12.6) lib/puma/thread_pool.rb:135:in `block in spawn_thread'
Started GET "/session/new" for ::1 at 2021-06-22 17:40:22 -0600
Processing by SessionsController#new as HTML
  Rendering sessions/new.html.erb within layouts/application
  Rendered sessions/new.html.erb within layouts/application (2.8ms)
Completed 500 Internal Server Error in 9ms (ActiveRecord: 0.0ms)



ActionController::UrlGenerationError - No route matches {:action=>"show", :controller=>"users"}, missing required keys: [:id]:
  app/views/sessions/new.html.erb:3:in `_app_views_sessions_new_html_erb___3599437498739663567_70357847689420'
  app/controllers/sessions_controller.rb:4:in `new'

Started POST "/__better_errors/dd1a133efda7c02f/variables" for ::1 at 2021-06-22 17:40:22 -0600
Started GET "/session/new" for ::1 at 2021-06-22 17:43:11 -0600
  [1m[35m (0.7ms)[0m  [1m[34mSELECT "schema_migrations"."version" FROM "schema_migrations" ORDER BY "schema_migrations"."version" ASC[0m
  ↳ /Users/lbrilli11/.rbenv/versions/2.5.1/lib/ruby/gems/2.5.0/gems/activerecord-5.2.6/lib/active_record/log_subscriber.rb:98
Processing by SessionsController#new as HTML
  Rendering sessions/new.html.erb within layouts/application
  Rendered sessions/new.html.erb within layouts/application (9.4ms)
Completed 500 Internal Server Error in 22ms (ActiveRecord: 0.0ms)



ActionController::UrlGenerationError - No route matches {:action=>"show", :controller=>"users"}, missing required keys: [:id]:
  app/views/sessions/new.html.erb:3:in `_app_views_sessions_new_html_erb__2007600584419652515_70211744488740'
  app/controllers/sessions_controller.rb:4:in `new'

Started POST "/__better_errors/fcf3d6c705acda2d/variables" for ::1 at 2021-06-22 17:43:11 -0600
Started POST "/__better_errors/fcf3d6c705acda2d/variables" for ::1 at 2021-06-22 17:43:30 -0600
Started GET "/session/new" for ::1 at 2021-06-22 17:44:25 -0600
Processing by SessionsController#new as HTML
  Rendering sessions/new.html.erb within layouts/application
  Rendered sessions/new.html.erb within layouts/application (0.6ms)
Completed 200 OK in 159ms (Views: 159.1ms | ActiveRecord: 0.0ms)


Started POST "/users/id" for ::1 at 2021-06-22 17:44:30 -0600
  
ActionController::RoutingError (No route matches [POST] "/users/id"):
  
actionpack (5.2.6) lib/action_dispatch/middleware/debug_exceptions.rb:65:in `call'
web-console (3.7.0) lib/web_console/middleware.rb:135:in `call_app'
web-console (3.7.0) lib/web_console/middleware.rb:30:in `block in call'
web-console (3.7.0) lib/web_console/middleware.rb:20:in `catch'
web-console (3.7.0) lib/web_console/middleware.rb:20:in `call'
actionpack (5.2.6) lib/action_dispatch/middleware/show_exceptions.rb:33:in `call'
railties (5.2.6) lib/rails/rack/logger.rb:38:in `call_app'
railties (5.2.6) lib/rails/rack/logger.rb:26:in `block in call'
activesupport (5.2.6) lib/active_support/tagged_logging.rb:71:in `block in tagged'
activesupport (5.2.6) lib/active_support/tagged_logging.rb:28:in `tagged'
activesupport (5.2.6) lib/active_support/tagged_logging.rb:71:in `tagged'
railties (5.2.6) lib/rails/rack/logger.rb:26:in `call'
sprockets-rails (3.2.2) lib/sprockets/rails/quiet_assets.rb:13:in `call'
actionpack (5.2.6) lib/action_dispatch/middleware/remote_ip.rb:81:in `call'
actionpack (5.2.6) lib/action_dispatch/middleware/request_id.rb:27:in `call'
rack (2.2.3) lib/rack/method_override.rb:24:in `call'
rack (2.2.3) lib/rack/runtime.rb:22:in `call'
activesupport (5.2.6) lib/active_support/cache/strategy/local_cache_middleware.rb:29:in `call'
actionpack (5.2.6) lib/action_dispatch/middleware/executor.rb:14:in `call'
actionpack (5.2.6) lib/action_dispatch/middleware/static.rb:127:in `call'
rack (2.2.3) lib/rack/sendfile.rb:110:in `call'
railties (5.2.6) lib/rails/engine.rb:524:in `call'
puma (3.12.6) lib/puma/configuration.rb:227:in `call'
puma (3.12.6) lib/puma/server.rb:706:in `handle_request'
puma (3.12.6) lib/puma/server.rb:476:in `process_client'
puma (3.12.6) lib/puma/server.rb:334:in `block in run'
puma (3.12.6) lib/puma/thread_pool.rb:135:in `block in spawn_thread'
Started POST "/users/id" for ::1 at 2021-06-22 17:46:22 -0600
  
ActionController::RoutingError (No route matches [POST] "/users/id"):
  
actionpack (5.2.6) lib/action_dispatch/middleware/debug_exceptions.rb:65:in `call'
web-console (3.7.0) lib/web_console/middleware.rb:135:in `call_app'
web-console (3.7.0) lib/web_console/middleware.rb:30:in `block in call'
web-console (3.7.0) lib/web_console/middleware.rb:20:in `catch'
web-console (3.7.0) lib/web_console/middleware.rb:20:in `call'
actionpack (5.2.6) lib/action_dispatch/middleware/show_exceptions.rb:33:in `call'
railties (5.2.6) lib/rails/rack/logger.rb:38:in `call_app'
railties (5.2.6) lib/rails/rack/logger.rb:26:in `block in call'
activesupport (5.2.6) lib/active_support/tagged_logging.rb:71:in `block in tagged'
activesupport (5.2.6) lib/active_support/tagged_logging.rb:28:in `tagged'
activesupport (5.2.6) lib/active_support/tagged_logging.rb:71:in `tagged'
railties (5.2.6) lib/rails/rack/logger.rb:26:in `call'
sprockets-rails (3.2.2) lib/sprockets/rails/quiet_assets.rb:13:in `call'
actionpack (5.2.6) lib/action_dispatch/middleware/remote_ip.rb:81:in `call'
actionpack (5.2.6) lib/action_dispatch/middleware/request_id.rb:27:in `call'
rack (2.2.3) lib/rack/method_override.rb:24:in `call'
rack (2.2.3) lib/rack/runtime.rb:22:in `call'
activesupport (5.2.6) lib/active_support/cache/strategy/local_cache_middleware.rb:29:in `call'
actionpack (5.2.6) lib/action_dispatch/middleware/executor.rb:14:in `call'
actionpack (5.2.6) lib/action_dispatch/middleware/static.rb:127:in `call'
rack (2.2.3) lib/rack/sendfile.rb:110:in `call'
railties (5.2.6) lib/rails/engine.rb:524:in `call'
puma (3.12.6) lib/puma/configuration.rb:227:in `call'
puma (3.12.6) lib/puma/server.rb:706:in `handle_request'
puma (3.12.6) lib/puma/server.rb:476:in `process_client'
puma (3.12.6) lib/puma/server.rb:334:in `block in run'
puma (3.12.6) lib/puma/thread_pool.rb:135:in `block in spawn_thread'
Started GET "/session/new" for ::1 at 2021-06-22 17:46:31 -0600
Processing by SessionsController#new as HTML
  Rendering sessions/new.html.erb within layouts/application
  Rendered sessions/new.html.erb within layouts/application (0.4ms)
Completed 200 OK in 17ms (Views: 17.0ms | ActiveRecord: 0.0ms)


Started POST "/session" for ::1 at 2021-06-22 17:46:35 -0600
Processing by SessionsController#create as HTML
  Parameters: {"authenticity_token"=>"r09w/jPUm4ahSqU7eb64t63JHqwPu60Xc68WSncQStHlyS5NaRfsUYNPO/25QgV5BYW5njFR7i2j73I5qgyyew==", "user"=>{"email"=>"AATester", "password"=>"[FILTERED]"}}
  [1m[36mUser Load (0.9ms)[0m  [1m[34mSELECT  "users".* FROM "users" WHERE "users"."email" = $1 LIMIT $2[0m  [["email", "email"], ["LIMIT", 1]]
  ↳ app/models/user.rb:46
Completed 500 Internal Server Error in 24ms (ActiveRecord: 3.0ms)



NoMethodError - undefined method `session_token=' for #<Class:0x00007fb6c4f05848>:
  app/models/user.rb:22:in `generate_session_token'
  app/controllers/sessions_controller.rb:9:in `create'

Started POST "/__better_errors/47706e70ffc61899/variables" for ::1 at 2021-06-22 17:46:35 -0600
Started GET "/sessions/new" for ::1 at 2021-06-22 17:51:06 -0600
  
ActionController::RoutingError (No route matches [GET] "/sessions/new"):
  
actionpack (5.2.6) lib/action_dispatch/middleware/debug_exceptions.rb:65:in `call'
web-console (3.7.0) lib/web_console/middleware.rb:135:in `call_app'
web-console (3.7.0) lib/web_console/middleware.rb:30:in `block in call'
web-console (3.7.0) lib/web_console/middleware.rb:20:in `catch'
web-console (3.7.0) lib/web_console/middleware.rb:20:in `call'
actionpack (5.2.6) lib/action_dispatch/middleware/show_exceptions.rb:33:in `call'
railties (5.2.6) lib/rails/rack/logger.rb:38:in `call_app'
railties (5.2.6) lib/rails/rack/logger.rb:26:in `block in call'
activesupport (5.2.6) lib/active_support/tagged_logging.rb:71:in `block in tagged'
activesupport (5.2.6) lib/active_support/tagged_logging.rb:28:in `tagged'
activesupport (5.2.6) lib/active_support/tagged_logging.rb:71:in `tagged'
railties (5.2.6) lib/rails/rack/logger.rb:26:in `call'
sprockets-rails (3.2.2) lib/sprockets/rails/quiet_assets.rb:13:in `call'
actionpack (5.2.6) lib/action_dispatch/middleware/remote_ip.rb:81:in `call'
actionpack (5.2.6) lib/action_dispatch/middleware/request_id.rb:27:in `call'
rack (2.2.3) lib/rack/method_override.rb:24:in `call'
rack (2.2.3) lib/rack/runtime.rb:22:in `call'
activesupport (5.2.6) lib/active_support/cache/strategy/local_cache_middleware.rb:29:in `call'
actionpack (5.2.6) lib/action_dispatch/middleware/executor.rb:14:in `call'
actionpack (5.2.6) lib/action_dispatch/middleware/static.rb:127:in `call'
rack (2.2.3) lib/rack/sendfile.rb:110:in `call'
railties (5.2.6) lib/rails/engine.rb:524:in `call'
puma (3.12.6) lib/puma/configuration.rb:227:in `call'
puma (3.12.6) lib/puma/server.rb:706:in `handle_request'
puma (3.12.6) lib/puma/server.rb:476:in `process_client'
puma (3.12.6) lib/puma/server.rb:334:in `block in run'
puma (3.12.6) lib/puma/thread_pool.rb:135:in `block in spawn_thread'
Started GET "/users" for ::1 at 2021-06-22 17:51:11 -0600
  
ActionController::RoutingError (No route matches [GET] "/users"):
  
actionpack (5.2.6) lib/action_dispatch/middleware/debug_exceptions.rb:65:in `call'
web-console (3.7.0) lib/web_console/middleware.rb:135:in `call_app'
web-console (3.7.0) lib/web_console/middleware.rb:30:in `block in call'
web-console (3.7.0) lib/web_console/middleware.rb:20:in `catch'
web-console (3.7.0) lib/web_console/middleware.rb:20:in `call'
actionpack (5.2.6) lib/action_dispatch/middleware/show_exceptions.rb:33:in `call'
railties (5.2.6) lib/rails/rack/logger.rb:38:in `call_app'
railties (5.2.6) lib/rails/rack/logger.rb:26:in `block in call'
activesupport (5.2.6) lib/active_support/tagged_logging.rb:71:in `block in tagged'
activesupport (5.2.6) lib/active_support/tagged_logging.rb:28:in `tagged'
activesupport (5.2.6) lib/active_support/tagged_logging.rb:71:in `tagged'
railties (5.2.6) lib/rails/rack/logger.rb:26:in `call'
sprockets-rails (3.2.2) lib/sprockets/rails/quiet_assets.rb:13:in `call'
actionpack (5.2.6) lib/action_dispatch/middleware/remote_ip.rb:81:in `call'
actionpack (5.2.6) lib/action_dispatch/middleware/request_id.rb:27:in `call'
rack (2.2.3) lib/rack/method_override.rb:24:in `call'
rack (2.2.3) lib/rack/runtime.rb:22:in `call'
activesupport (5.2.6) lib/active_support/cache/strategy/local_cache_middleware.rb:29:in `call'
actionpack (5.2.6) lib/action_dispatch/middleware/executor.rb:14:in `call'
actionpack (5.2.6) lib/action_dispatch/middleware/static.rb:127:in `call'
rack (2.2.3) lib/rack/sendfile.rb:110:in `call'
railties (5.2.6) lib/rails/engine.rb:524:in `call'
puma (3.12.6) lib/puma/configuration.rb:227:in `call'
puma (3.12.6) lib/puma/server.rb:706:in `handle_request'
puma (3.12.6) lib/puma/server.rb:476:in `process_client'
puma (3.12.6) lib/puma/server.rb:334:in `block in run'
puma (3.12.6) lib/puma/thread_pool.rb:135:in `block in spawn_thread'
Started GET "/sessions" for ::1 at 2021-06-22 17:51:14 -0600
  
ActionController::RoutingError (No route matches [GET] "/sessions"):
  
actionpack (5.2.6) lib/action_dispatch/middleware/debug_exceptions.rb:65:in `call'
web-console (3.7.0) lib/web_console/middleware.rb:135:in `call_app'
web-console (3.7.0) lib/web_console/middleware.rb:30:in `block in call'
web-console (3.7.0) lib/web_console/middleware.rb:20:in `catch'
web-console (3.7.0) lib/web_console/middleware.rb:20:in `call'
actionpack (5.2.6) lib/action_dispatch/middleware/show_exceptions.rb:33:in `call'
railties (5.2.6) lib/rails/rack/logger.rb:38:in `call_app'
railties (5.2.6) lib/rails/rack/logger.rb:26:in `block in call'
activesupport (5.2.6) lib/active_support/tagged_logging.rb:71:in `block in tagged'
activesupport (5.2.6) lib/active_support/tagged_logging.rb:28:in `tagged'
activesupport (5.2.6) lib/active_support/tagged_logging.rb:71:in `tagged'
railties (5.2.6) lib/rails/rack/logger.rb:26:in `call'
sprockets-rails (3.2.2) lib/sprockets/rails/quiet_assets.rb:13:in `call'
actionpack (5.2.6) lib/action_dispatch/middleware/remote_ip.rb:81:in `call'
actionpack (5.2.6) lib/action_dispatch/middleware/request_id.rb:27:in `call'
rack (2.2.3) lib/rack/method_override.rb:24:in `call'
rack (2.2.3) lib/rack/runtime.rb:22:in `call'
activesupport (5.2.6) lib/active_support/cache/strategy/local_cache_middleware.rb:29:in `call'
actionpack (5.2.6) lib/action_dispatch/middleware/executor.rb:14:in `call'
actionpack (5.2.6) lib/action_dispatch/middleware/static.rb:127:in `call'
rack (2.2.3) lib/rack/sendfile.rb:110:in `call'
railties (5.2.6) lib/rails/engine.rb:524:in `call'
puma (3.12.6) lib/puma/configuration.rb:227:in `call'
puma (3.12.6) lib/puma/server.rb:706:in `handle_request'
puma (3.12.6) lib/puma/server.rb:476:in `process_client'
puma (3.12.6) lib/puma/server.rb:334:in `block in run'
puma (3.12.6) lib/puma/thread_pool.rb:135:in `block in spawn_thread'
Started GET "/session/new" for ::1 at 2021-06-22 17:51:19 -0600
Processing by SessionsController#new as HTML
  Rendering sessions/new.html.erb within layouts/application
  Rendered sessions/new.html.erb within layouts/application (0.5ms)
Completed 200 OK in 20ms (Views: 19.3ms | ActiveRecord: 0.0ms)


Started POST "/session" for ::1 at 2021-06-22 17:51:24 -0600
Processing by SessionsController#create as HTML
  Parameters: {"authenticity_token"=>"uvlZsd2wTQCGV7vhs5K8/k/DRvw/FO2zkGvpwxfBIB3wfwcCh3M616RSJSdzbgEw54/hzgH+rolAK42wyt3Ytw==", "user"=>{"email"=>"AATester", "password"=>"[FILTERED]"}}
  [1m[36mUser Load (0.4ms)[0m  [1m[34mSELECT  "users".* FROM "users" WHERE "users"."email" = $1 LIMIT $2[0m  [["email", "email"], ["LIMIT", 1]]
  ↳ app/models/user.rb:46
Completed 500 Internal Server Error in 18ms (ActiveRecord: 2.3ms)



NoMethodError - undefined method `session_token=' for #<Class:0x00007fb6e45e7070>:
  app/models/user.rb:22:in `generate_session_token'
  app/controllers/sessions_controller.rb:9:in `create'

Started POST "/__better_errors/9b1fc5e4b0e3540f/variables" for ::1 at 2021-06-22 17:51:24 -0600
Started GET "/sessions/new" for ::1 at 2021-06-22 17:58:23 -0600
  
ActionController::RoutingError (No route matches [GET] "/sessions/new"):
  
actionpack (5.2.6) lib/action_dispatch/middleware/debug_exceptions.rb:65:in `call'
web-console (3.7.0) lib/web_console/middleware.rb:135:in `call_app'
web-console (3.7.0) lib/web_console/middleware.rb:30:in `block in call'
web-console (3.7.0) lib/web_console/middleware.rb:20:in `catch'
web-console (3.7.0) lib/web_console/middleware.rb:20:in `call'
actionpack (5.2.6) lib/action_dispatch/middleware/show_exceptions.rb:33:in `call'
railties (5.2.6) lib/rails/rack/logger.rb:38:in `call_app'
railties (5.2.6) lib/rails/rack/logger.rb:26:in `block in call'
activesupport (5.2.6) lib/active_support/tagged_logging.rb:71:in `block in tagged'
activesupport (5.2.6) lib/active_support/tagged_logging.rb:28:in `tagged'
activesupport (5.2.6) lib/active_support/tagged_logging.rb:71:in `tagged'
railties (5.2.6) lib/rails/rack/logger.rb:26:in `call'
sprockets-rails (3.2.2) lib/sprockets/rails/quiet_assets.rb:13:in `call'
actionpack (5.2.6) lib/action_dispatch/middleware/remote_ip.rb:81:in `call'
actionpack (5.2.6) lib/action_dispatch/middleware/request_id.rb:27:in `call'
rack (2.2.3) lib/rack/method_override.rb:24:in `call'
rack (2.2.3) lib/rack/runtime.rb:22:in `call'
activesupport (5.2.6) lib/active_support/cache/strategy/local_cache_middleware.rb:29:in `call'
actionpack (5.2.6) lib/action_dispatch/middleware/executor.rb:14:in `call'
actionpack (5.2.6) lib/action_dispatch/middleware/static.rb:127:in `call'
rack (2.2.3) lib/rack/sendfile.rb:110:in `call'
railties (5.2.6) lib/rails/engine.rb:524:in `call'
puma (3.12.6) lib/puma/configuration.rb:227:in `call'
puma (3.12.6) lib/puma/server.rb:706:in `handle_request'
puma (3.12.6) lib/puma/server.rb:476:in `process_client'
puma (3.12.6) lib/puma/server.rb:334:in `block in run'
puma (3.12.6) lib/puma/thread_pool.rb:135:in `block in spawn_thread'
Started GET "/session/new" for ::1 at 2021-06-22 17:58:29 -0600
Processing by SessionsController#new as HTML
  Rendering sessions/new.html.erb within layouts/application
  Rendered sessions/new.html.erb within layouts/application (0.6ms)
Completed 200 OK in 22ms (Views: 21.8ms | ActiveRecord: 0.0ms)


Started POST "/session" for ::1 at 2021-06-22 17:58:34 -0600
Processing by SessionsController#create as HTML
  Parameters: {"authenticity_token"=>"q6c4kM9vAqpyUNh9W4Qqp6K+DftGMRFl/yRQUHNGkCjhIWYjlax1fVBVRrubeJdpCvKqyXjbUl8vZDQjrlpogg==", "user"=>{"email"=>"AATester", "password"=>"[FILTERED]"}}
  [1m[36mUser Load (0.6ms)[0m  [1m[34mSELECT  "users".* FROM "users" WHERE "users"."email" = $1 LIMIT $2[0m  [["email", "email"], ["LIMIT", 1]]
  ↳ app/models/user.rb:42
  Rendering sessions/new.html.erb within layouts/application
  Rendered sessions/new.html.erb within layouts/application (0.5ms)
Completed 500 Internal Server Error in 31ms (Views: 18.1ms | ActiveRecord: 6.6ms)



NoMethodError - undefined method `reset_session_token!' for nil:NilClass:
  app/controllers/application_controller.rb:5:in `log_in_user!'
  app/controllers/sessions_controller.rb:10:in `create'

Started POST "/__better_errors/4b93994f0d00fb89/variables" for ::1 at 2021-06-22 17:58:34 -0600
Started POST "/__better_errors/4b93994f0d00fb89/eval" for ::1 at 2021-06-22 17:58:40 -0600
